Starting ProductCategoryRepositoryTest on LAPTOP-AVJFS9J6 with PID 18248 (started by lenovo in F:\ideaworkspace\sell)------
No active profile set, falling back to default profiles: default------
Bootstrapping Spring Data repositories in DEFAULT mode.------
Finished Spring Data repository scanning in 469ms. Found 1 repository interfaces.------
Bean 'org.springframework.transaction.annotation.ProxyTransactionManagementConfiguration' of type [org.springframework.transaction.annotation.ProxyTransactionManagementConfiguration$$EnhancerBySpringCGLIB$$4af00a9b] is not eligible for getting processed by all BeanPostProcessors (for example: not eligible for auto-proxying)------
HikariPool-1 - Starting...------
Registered driver with driverClassName=com.mysql.jdbc.Driver was not found, trying direct instantiation.------
HikariPool-1 - Start completed.------
HHH000204: Processing PersistenceUnitInfo [
	name: default
	...]------
HHH000412: Hibernate Core {5.3.12.Final}------
HHH000206: hibernate.properties not found------
HCANN000001: Hibernate Commons Annotations {5.0.4.Final}------
HHH000400: Using dialect: org.hibernate.dialect.MySQL5Dialect------
Initialized JPA EntityManagerFactory for persistence unit 'default'------
Initializing ExecutorService 'applicationTaskExecutor'------
spring.jpa.open-in-view is enabled by default. Therefore, database queries may be performed during view rendering. Explicitly configure spring.jpa.open-in-view to disable this warning------
Started ProductCategoryRepositoryTest in 8.721 seconds (JVM running for 9.455)------
HHH000397: Using ASTQueryTranslatorFactory------
Shutting down ExecutorService 'applicationTaskExecutor'------
Closing JPA EntityManagerFactory for persistence unit 'default'------
HikariPool-1 - Shutdown initiated...------
HikariPool-1 - Shutdown completed.------
Starting ProductCategoryRepositoryTest on LAPTOP-AVJFS9J6 with PID 20356 (started by lenovo in F:\ideaworkspace\sell)------
No active profile set, falling back to default profiles: default------
Bootstrapping Spring Data repositories in DEFAULT mode.------
Finished Spring Data repository scanning in 59ms. Found 1 repository interfaces.------
Bean 'org.springframework.transaction.annotation.ProxyTransactionManagementConfiguration' of type [org.springframework.transaction.annotation.ProxyTransactionManagementConfiguration$$EnhancerBySpringCGLIB$$9b3da4e8] is not eligible for getting processed by all BeanPostProcessors (for example: not eligible for auto-proxying)------
HikariPool-1 - Starting...------
Registered driver with driverClassName=com.mysql.jdbc.Driver was not found, trying direct instantiation.------
HikariPool-1 - Start completed.------
HHH000204: Processing PersistenceUnitInfo [
	name: default
	...]------
HHH000412: Hibernate Core {5.3.12.Final}------
HHH000206: hibernate.properties not found------
HCANN000001: Hibernate Commons Annotations {5.0.4.Final}------
HHH000400: Using dialect: org.hibernate.dialect.MySQL5Dialect------
Initialized JPA EntityManagerFactory for persistence unit 'default'------
Initializing ExecutorService 'applicationTaskExecutor'------
spring.jpa.open-in-view is enabled by default. Therefore, database queries may be performed during view rendering. Explicitly configure spring.jpa.open-in-view to disable this warning------
Started ProductCategoryRepositoryTest in 8.242 seconds (JVM running for 8.936)------
SQL Error: 1146, SQLState: 42S02------
Shutting down ExecutorService 'applicationTaskExecutor'------
Closing JPA EntityManagerFactory for persistence unit 'default'------
HikariPool-1 - Shutdown initiated...------
HikariPool-1 - Shutdown completed.------
Starting ProductCategoryRepositoryTest on LAPTOP-AVJFS9J6 with PID 11448 (started by lenovo in F:\ideaworkspace\sell)------
No active profile set, falling back to default profiles: default------
Bootstrapping Spring Data repositories in DEFAULT mode.------
Finished Spring Data repository scanning in 51ms. Found 1 repository interfaces.------
Bean 'org.springframework.transaction.annotation.ProxyTransactionManagementConfiguration' of type [org.springframework.transaction.annotation.ProxyTransactionManagementConfiguration$$EnhancerBySpringCGLIB$$9b3da4e8] is not eligible for getting processed by all BeanPostProcessors (for example: not eligible for auto-proxying)------
HikariPool-1 - Starting...------
Registered driver with driverClassName=com.mysql.jdbc.Driver was not found, trying direct instantiation.------
HikariPool-1 - Start completed.------
HHH000204: Processing PersistenceUnitInfo [
	name: default
	...]------
HHH000412: Hibernate Core {5.3.12.Final}------
HHH000206: hibernate.properties not found------
HCANN000001: Hibernate Commons Annotations {5.0.4.Final}------
HHH000400: Using dialect: org.hibernate.dialect.MySQL5Dialect------
Initialized JPA EntityManagerFactory for persistence unit 'default'------
Initializing ExecutorService 'applicationTaskExecutor'------
spring.jpa.open-in-view is enabled by default. Therefore, database queries may be performed during view rendering. Explicitly configure spring.jpa.open-in-view to disable this warning------
Started ProductCategoryRepositoryTest in 7.764 seconds (JVM running for 8.514)------
SQL Error: 1146, SQLState: 42S02------
Shutting down ExecutorService 'applicationTaskExecutor'------
Closing JPA EntityManagerFactory for persistence unit 'default'------
HikariPool-1 - Shutdown initiated...------
HikariPool-1 - Shutdown completed.------
Starting ProductCategoryRepositoryTest on LAPTOP-AVJFS9J6 with PID 12156 (started by lenovo in F:\ideaworkspace\sell)------
No active profile set, falling back to default profiles: default------
Bootstrapping Spring Data repositories in DEFAULT mode.------
Finished Spring Data repository scanning in 82ms. Found 1 repository interfaces.------
Bean 'org.springframework.transaction.annotation.ProxyTransactionManagementConfiguration' of type [org.springframework.transaction.annotation.ProxyTransactionManagementConfiguration$$EnhancerBySpringCGLIB$$de87d693] is not eligible for getting processed by all BeanPostProcessors (for example: not eligible for auto-proxying)------
HikariPool-1 - Starting...------
Registered driver with driverClassName=com.mysql.jdbc.Driver was not found, trying direct instantiation.------
HikariPool-1 - Start completed.------
HHH000204: Processing PersistenceUnitInfo [
	name: default
	...]------
HHH000412: Hibernate Core {5.3.12.Final}------
HHH000206: hibernate.properties not found------
HCANN000001: Hibernate Commons Annotations {5.0.4.Final}------
HHH000400: Using dialect: org.hibernate.dialect.MySQL5Dialect------
Initialized JPA EntityManagerFactory for persistence unit 'default'------
Initializing ExecutorService 'applicationTaskExecutor'------
spring.jpa.open-in-view is enabled by default. Therefore, database queries may be performed during view rendering. Explicitly configure spring.jpa.open-in-view to disable this warning------
Started ProductCategoryRepositoryTest in 8.399 seconds (JVM running for 9.146)------
Shutting down ExecutorService 'applicationTaskExecutor'------
Closing JPA EntityManagerFactory for persistence unit 'default'------
HikariPool-1 - Shutdown initiated...------
HikariPool-1 - Shutdown completed.------
Starting ProductCategoryRepositoryTest on LAPTOP-AVJFS9J6 with PID 19312 (started by lenovo in F:\ideaworkspace\sell)------
No active profile set, falling back to default profiles: default------
Bootstrapping Spring Data repositories in DEFAULT mode.------
Finished Spring Data repository scanning in 60ms. Found 1 repository interfaces.------
Bean 'org.springframework.transaction.annotation.ProxyTransactionManagementConfiguration' of type [org.springframework.transaction.annotation.ProxyTransactionManagementConfiguration$$EnhancerBySpringCGLIB$$1aa2d800] is not eligible for getting processed by all BeanPostProcessors (for example: not eligible for auto-proxying)------
HikariPool-1 - Starting...------
Registered driver with driverClassName=com.mysql.jdbc.Driver was not found, trying direct instantiation.------
HikariPool-1 - Start completed.------
HHH000204: Processing PersistenceUnitInfo [
	name: default
	...]------
HHH000412: Hibernate Core {5.3.12.Final}------
HHH000206: hibernate.properties not found------
HCANN000001: Hibernate Commons Annotations {5.0.4.Final}------
HHH000400: Using dialect: org.hibernate.dialect.MySQL5Dialect------
Initialized JPA EntityManagerFactory for persistence unit 'default'------
Initializing ExecutorService 'applicationTaskExecutor'------
spring.jpa.open-in-view is enabled by default. Therefore, database queries may be performed during view rendering. Explicitly configure spring.jpa.open-in-view to disable this warning------
Started ProductCategoryRepositoryTest in 6.92 seconds (JVM running for 7.586)------
Shutting down ExecutorService 'applicationTaskExecutor'------
Closing JPA EntityManagerFactory for persistence unit 'default'------
HikariPool-1 - Shutdown initiated...------
HikariPool-1 - Shutdown completed.------
Starting ProductCategoryRepositoryTest on LAPTOP-AVJFS9J6 with PID 11856 (started by lenovo in F:\ideaworkspace\sell)------
No active profile set, falling back to default profiles: default------
Bootstrapping Spring Data repositories in DEFAULT mode.------
Finished Spring Data repository scanning in 58ms. Found 1 repository interfaces.------
Bean 'org.springframework.transaction.annotation.ProxyTransactionManagementConfiguration' of type [org.springframework.transaction.annotation.ProxyTransactionManagementConfiguration$$EnhancerBySpringCGLIB$$920009b9] is not eligible for getting processed by all BeanPostProcessors (for example: not eligible for auto-proxying)------
HikariPool-1 - Starting...------
Registered driver with driverClassName=com.mysql.jdbc.Driver was not found, trying direct instantiation.------
HikariPool-1 - Start completed.------
HHH000204: Processing PersistenceUnitInfo [
	name: default
	...]------
HHH000412: Hibernate Core {5.3.12.Final}------
HHH000206: hibernate.properties not found------
HCANN000001: Hibernate Commons Annotations {5.0.4.Final}------
HHH000400: Using dialect: org.hibernate.dialect.MySQL5Dialect------
Initialized JPA EntityManagerFactory for persistence unit 'default'------
Initializing ExecutorService 'applicationTaskExecutor'------
spring.jpa.open-in-view is enabled by default. Therefore, database queries may be performed during view rendering. Explicitly configure spring.jpa.open-in-view to disable this warning------
Started ProductCategoryRepositoryTest in 7.535 seconds (JVM running for 8.251)------
Shutting down ExecutorService 'applicationTaskExecutor'------
Closing JPA EntityManagerFactory for persistence unit 'default'------
HikariPool-1 - Shutdown initiated...------
HikariPool-1 - Shutdown completed.------
Starting ProductCategoryRepositoryTest on LAPTOP-AVJFS9J6 with PID 18528 (started by lenovo in F:\ideaworkspace\sell)------
No active profile set, falling back to default profiles: default------
Bootstrapping Spring Data repositories in DEFAULT mode.------
Finished Spring Data repository scanning in 48ms. Found 1 repository interfaces.------
Bean 'org.springframework.transaction.annotation.ProxyTransactionManagementConfiguration' of type [org.springframework.transaction.annotation.ProxyTransactionManagementConfiguration$$EnhancerBySpringCGLIB$$52e646d] is not eligible for getting processed by all BeanPostProcessors (for example: not eligible for auto-proxying)------
HikariPool-1 - Starting...------
Registered driver with driverClassName=com.mysql.jdbc.Driver was not found, trying direct instantiation.------
HikariPool-1 - Start completed.------
HHH000204: Processing PersistenceUnitInfo [
	name: default
	...]------
HHH000412: Hibernate Core {5.3.12.Final}------
HHH000206: hibernate.properties not found------
HCANN000001: Hibernate Commons Annotations {5.0.4.Final}------
HHH000400: Using dialect: org.hibernate.dialect.MySQL5Dialect------
Initialized JPA EntityManagerFactory for persistence unit 'default'------
Initializing ExecutorService 'applicationTaskExecutor'------
spring.jpa.open-in-view is enabled by default. Therefore, database queries may be performed during view rendering. Explicitly configure spring.jpa.open-in-view to disable this warning------
Started ProductCategoryRepositoryTest in 8.085 seconds (JVM running for 8.87)------
Shutting down ExecutorService 'applicationTaskExecutor'------
Closing JPA EntityManagerFactory for persistence unit 'default'------
HikariPool-1 - Shutdown initiated...------
HikariPool-1 - Shutdown completed.------
Starting ProductCategoryRepositoryTest on LAPTOP-AVJFS9J6 with PID 8332 (started by lenovo in F:\ideaworkspace\sell)------
No active profile set, falling back to default profiles: default------
Bootstrapping Spring Data repositories in DEFAULT mode.------
Finished Spring Data repository scanning in 53ms. Found 1 repository interfaces.------
Bean 'org.springframework.transaction.annotation.ProxyTransactionManagementConfiguration' of type [org.springframework.transaction.annotation.ProxyTransactionManagementConfiguration$$EnhancerBySpringCGLIB$$293b2396] is not eligible for getting processed by all BeanPostProcessors (for example: not eligible for auto-proxying)------
HikariPool-1 - Starting...------
Registered driver with driverClassName=com.mysql.jdbc.Driver was not found, trying direct instantiation.------
HikariPool-1 - Start completed.------
HHH000204: Processing PersistenceUnitInfo [
	name: default
	...]------
HHH000412: Hibernate Core {5.3.12.Final}------
HHH000206: hibernate.properties not found------
HCANN000001: Hibernate Commons Annotations {5.0.4.Final}------
HHH000400: Using dialect: org.hibernate.dialect.MySQL5Dialect------
Initialized JPA EntityManagerFactory for persistence unit 'default'------
Initializing ExecutorService 'applicationTaskExecutor'------
spring.jpa.open-in-view is enabled by default. Therefore, database queries may be performed during view rendering. Explicitly configure spring.jpa.open-in-view to disable this warning------
Started ProductCategoryRepositoryTest in 7.98 seconds (JVM running for 8.693)------
Shutting down ExecutorService 'applicationTaskExecutor'------
Closing JPA EntityManagerFactory for persistence unit 'default'------
HikariPool-1 - Shutdown initiated...------
HikariPool-1 - Shutdown completed.------
Starting ProductCategoryRepositoryTest on LAPTOP-AVJFS9J6 with PID 11448 (started by lenovo in F:\ideaworkspace\sell)------
No active profile set, falling back to default profiles: default------
Bootstrapping Spring Data repositories in DEFAULT mode.------
Finished Spring Data repository scanning in 53ms. Found 1 repository interfaces.------
Bean 'org.springframework.transaction.annotation.ProxyTransactionManagementConfiguration' of type [org.springframework.transaction.annotation.ProxyTransactionManagementConfiguration$$EnhancerBySpringCGLIB$$52e646d] is not eligible for getting processed by all BeanPostProcessors (for example: not eligible for auto-proxying)------
HikariPool-1 - Starting...------
Registered driver with driverClassName=com.mysql.jdbc.Driver was not found, trying direct instantiation.------
HikariPool-1 - Start completed.------
HHH000204: Processing PersistenceUnitInfo [
	name: default
	...]------
HHH000412: Hibernate Core {5.3.12.Final}------
HHH000206: hibernate.properties not found------
HCANN000001: Hibernate Commons Annotations {5.0.4.Final}------
HHH000400: Using dialect: org.hibernate.dialect.MySQL5Dialect------
Initialized JPA EntityManagerFactory for persistence unit 'default'------
Initializing ExecutorService 'applicationTaskExecutor'------
spring.jpa.open-in-view is enabled by default. Therefore, database queries may be performed during view rendering. Explicitly configure spring.jpa.open-in-view to disable this warning------
Started ProductCategoryRepositoryTest in 6.917 seconds (JVM running for 7.64)------
Shutting down ExecutorService 'applicationTaskExecutor'------
Closing JPA EntityManagerFactory for persistence unit 'default'------
HikariPool-1 - Shutdown initiated...------
HikariPool-1 - Shutdown completed.------
Starting ProductCategoryRepositoryTest on LAPTOP-AVJFS9J6 with PID 5984 (started by lenovo in F:\ideaworkspace\sell)------
No active profile set, falling back to default profiles: default------
Bootstrapping Spring Data repositories in DEFAULT mode.------
Finished Spring Data repository scanning in 65ms. Found 1 repository interfaces.------
Bean 'org.springframework.transaction.annotation.ProxyTransactionManagementConfiguration' of type [org.springframework.transaction.annotation.ProxyTransactionManagementConfiguration$$EnhancerBySpringCGLIB$$1aa2d800] is not eligible for getting processed by all BeanPostProcessors (for example: not eligible for auto-proxying)------
HikariPool-1 - Starting...------
Registered driver with driverClassName=com.mysql.jdbc.Driver was not found, trying direct instantiation.------
HikariPool-1 - Start completed.------
HHH000204: Processing PersistenceUnitInfo [
	name: default
	...]------
HHH000412: Hibernate Core {5.3.12.Final}------
HHH000206: hibernate.properties not found------
HCANN000001: Hibernate Commons Annotations {5.0.4.Final}------
HHH000400: Using dialect: org.hibernate.dialect.MySQL5Dialect------
Initialized JPA EntityManagerFactory for persistence unit 'default'------
Initializing ExecutorService 'applicationTaskExecutor'------
spring.jpa.open-in-view is enabled by default. Therefore, database queries may be performed during view rendering. Explicitly configure spring.jpa.open-in-view to disable this warning------
Started ProductCategoryRepositoryTest in 7.128 seconds (JVM running for 7.915)------
Shutting down ExecutorService 'applicationTaskExecutor'------
Closing JPA EntityManagerFactory for persistence unit 'default'------
HikariPool-1 - Shutdown initiated...------
HikariPool-1 - Shutdown completed.------
Starting ProductCategoryRepositoryTest on LAPTOP-AVJFS9J6 with PID 13864 (started by lenovo in F:\ideaworkspace\sell)------
No active profile set, falling back to default profiles: default------
Bootstrapping Spring Data repositories in DEFAULT mode.------
Finished Spring Data repository scanning in 51ms. Found 1 repository interfaces.------
Bean 'org.springframework.transaction.annotation.ProxyTransactionManagementConfiguration' of type [org.springframework.transaction.annotation.ProxyTransactionManagementConfiguration$$EnhancerBySpringCGLIB$$95e9300e] is not eligible for getting processed by all BeanPostProcessors (for example: not eligible for auto-proxying)------
HikariPool-1 - Starting...------
Registered driver with driverClassName=com.mysql.jdbc.Driver was not found, trying direct instantiation.------
HikariPool-1 - Start completed.------
HHH000204: Processing PersistenceUnitInfo [
	name: default
	...]------
HHH000412: Hibernate Core {5.3.12.Final}------
HHH000206: hibernate.properties not found------
HCANN000001: Hibernate Commons Annotations {5.0.4.Final}------
HHH000400: Using dialect: org.hibernate.dialect.MySQL5Dialect------
Initialized JPA EntityManagerFactory for persistence unit 'default'------
Initializing ExecutorService 'applicationTaskExecutor'------
spring.jpa.open-in-view is enabled by default. Therefore, database queries may be performed during view rendering. Explicitly configure spring.jpa.open-in-view to disable this warning------
Started ProductCategoryRepositoryTest in 7.124 seconds (JVM running for 7.84)------
Shutting down ExecutorService 'applicationTaskExecutor'------
Closing JPA EntityManagerFactory for persistence unit 'default'------
HikariPool-1 - Shutdown initiated...------
HikariPool-1 - Shutdown completed.------
Starting ProductCategoryRepositoryTest on LAPTOP-AVJFS9J6 with PID 11976 (started by lenovo in F:\ideaworkspace\sell)------
No active profile set, falling back to default profiles: default------
Bootstrapping Spring Data repositories in DEFAULT mode.------
Finished Spring Data repository scanning in 79ms. Found 1 repository interfaces.------
Bean 'org.springframework.transaction.annotation.ProxyTransactionManagementConfiguration' of type [org.springframework.transaction.annotation.ProxyTransactionManagementConfiguration$$EnhancerBySpringCGLIB$$95e9300e] is not eligible for getting processed by all BeanPostProcessors (for example: not eligible for auto-proxying)------
HikariPool-1 - Starting...------
Registered driver with driverClassName=com.mysql.jdbc.Driver was not found, trying direct instantiation.------
HikariPool-1 - Start completed.------
HHH000204: Processing PersistenceUnitInfo [
	name: default
	...]------
HHH000412: Hibernate Core {5.3.12.Final}------
HHH000206: hibernate.properties not found------
HCANN000001: Hibernate Commons Annotations {5.0.4.Final}------
HHH000400: Using dialect: org.hibernate.dialect.MySQL5Dialect------
Initialized JPA EntityManagerFactory for persistence unit 'default'------
Initializing ExecutorService 'applicationTaskExecutor'------
spring.jpa.open-in-view is enabled by default. Therefore, database queries may be performed during view rendering. Explicitly configure spring.jpa.open-in-view to disable this warning------
Started ProductCategoryRepositoryTest in 7.13 seconds (JVM running for 7.867)------
Shutting down ExecutorService 'applicationTaskExecutor'------
Closing JPA EntityManagerFactory for persistence unit 'default'------
HikariPool-1 - Shutdown initiated...------
HikariPool-1 - Shutdown completed.------
Starting ProductCategoryRepositoryTest on LAPTOP-AVJFS9J6 with PID 13216 (started by lenovo in F:\ideaworkspace\sell)------
No active profile set, falling back to default profiles: default------
Bootstrapping Spring Data repositories in DEFAULT mode.------
Finished Spring Data repository scanning in 49ms. Found 1 repository interfaces.------
Bean 'org.springframework.transaction.annotation.ProxyTransactionManagementConfiguration' of type [org.springframework.transaction.annotation.ProxyTransactionManagementConfiguration$$EnhancerBySpringCGLIB$$18f90add] is not eligible for getting processed by all BeanPostProcessors (for example: not eligible for auto-proxying)------
HikariPool-1 - Starting...------
Registered driver with driverClassName=com.mysql.jdbc.Driver was not found, trying direct instantiation.------
HikariPool-1 - Start completed.------
HHH000204: Processing PersistenceUnitInfo [
	name: default
	...]------
HHH000412: Hibernate Core {5.3.12.Final}------
HHH000206: hibernate.properties not found------
HCANN000001: Hibernate Commons Annotations {5.0.4.Final}------
HHH000400: Using dialect: org.hibernate.dialect.MySQL5Dialect------
Initialized JPA EntityManagerFactory for persistence unit 'default'------
Initializing ExecutorService 'applicationTaskExecutor'------
spring.jpa.open-in-view is enabled by default. Therefore, database queries may be performed during view rendering. Explicitly configure spring.jpa.open-in-view to disable this warning------
Started ProductCategoryRepositoryTest in 7.358 seconds (JVM running for 8.127)------
Shutting down ExecutorService 'applicationTaskExecutor'------
Closing JPA EntityManagerFactory for persistence unit 'default'------
HikariPool-1 - Shutdown initiated...------
HikariPool-1 - Shutdown completed.------
Starting ProductCategoryRepositoryTest on LAPTOP-AVJFS9J6 with PID 20032 (started by lenovo in F:\ideaworkspace\sell)------
No active profile set, falling back to default profiles: default------
Bootstrapping Spring Data repositories in DEFAULT mode.------
Finished Spring Data repository scanning in 54ms. Found 1 repository interfaces.------
Bean 'org.springframework.transaction.annotation.ProxyTransactionManagementConfiguration' of type [org.springframework.transaction.annotation.ProxyTransactionManagementConfiguration$$EnhancerBySpringCGLIB$$18f90add] is not eligible for getting processed by all BeanPostProcessors (for example: not eligible for auto-proxying)------
HikariPool-1 - Starting...------
Registered driver with driverClassName=com.mysql.jdbc.Driver was not found, trying direct instantiation.------
HikariPool-1 - Start completed.------
HHH000204: Processing PersistenceUnitInfo [
	name: default
	...]------
HHH000412: Hibernate Core {5.3.12.Final}------
HHH000206: hibernate.properties not found------
HCANN000001: Hibernate Commons Annotations {5.0.4.Final}------
HHH000400: Using dialect: org.hibernate.dialect.MySQL5Dialect------
Initialized JPA EntityManagerFactory for persistence unit 'default'------
Initializing ExecutorService 'applicationTaskExecutor'------
spring.jpa.open-in-view is enabled by default. Therefore, database queries may be performed during view rendering. Explicitly configure spring.jpa.open-in-view to disable this warning------
Started ProductCategoryRepositoryTest in 7.966 seconds (JVM running for 8.725)------
Shutting down ExecutorService 'applicationTaskExecutor'------
Closing JPA EntityManagerFactory for persistence unit 'default'------
HikariPool-1 - Shutdown initiated...------
HikariPool-1 - Shutdown completed.------
Starting ProductCategoryRepositoryTest on LAPTOP-AVJFS9J6 with PID 22044 (started by lenovo in F:\ideaworkspace\sell)------
No active profile set, falling back to default profiles: default------
Bootstrapping Spring Data repositories in DEFAULT mode.------
Finished Spring Data repository scanning in 67ms. Found 1 repository interfaces.------
Bean 'org.springframework.transaction.annotation.ProxyTransactionManagementConfiguration' of type [org.springframework.transaction.annotation.ProxyTransactionManagementConfiguration$$EnhancerBySpringCGLIB$$2317e7f0] is not eligible for getting processed by all BeanPostProcessors (for example: not eligible for auto-proxying)------
HikariPool-1 - Starting...------
Registered driver with driverClassName=com.mysql.jdbc.Driver was not found, trying direct instantiation.------
HikariPool-1 - Start completed.------
HHH000204: Processing PersistenceUnitInfo [
	name: default
	...]------
HHH000412: Hibernate Core {5.3.12.Final}------
HHH000206: hibernate.properties not found------
HCANN000001: Hibernate Commons Annotations {5.0.4.Final}------
HHH000400: Using dialect: org.hibernate.dialect.MySQL5Dialect------
Initialized JPA EntityManagerFactory for persistence unit 'default'------
Initializing ExecutorService 'applicationTaskExecutor'------
spring.jpa.open-in-view is enabled by default. Therefore, database queries may be performed during view rendering. Explicitly configure spring.jpa.open-in-view to disable this warning------
Started ProductCategoryRepositoryTest in 8.526 seconds (JVM running for 9.408)------
Shutting down ExecutorService 'applicationTaskExecutor'------
Closing JPA EntityManagerFactory for persistence unit 'default'------
HikariPool-1 - Shutdown initiated...------
HikariPool-1 - Shutdown completed.------
Starting ProductCategoryRepositoryTest on LAPTOP-AVJFS9J6 with PID 11140 (started by lenovo in F:\ideaworkspace\sell)------
No active profile set, falling back to default profiles: default------
Bootstrapping Spring Data repositories in DEFAULT mode.------
Finished Spring Data repository scanning in 54ms. Found 1 repository interfaces.------
Bean 'org.springframework.transaction.annotation.ProxyTransactionManagementConfiguration' of type [org.springframework.transaction.annotation.ProxyTransactionManagementConfiguration$$EnhancerBySpringCGLIB$$27198f60] is not eligible for getting processed by all BeanPostProcessors (for example: not eligible for auto-proxying)------
HikariPool-1 - Starting...------
Registered driver with driverClassName=com.mysql.jdbc.Driver was not found, trying direct instantiation.------
HikariPool-1 - Start completed.------
HHH000204: Processing PersistenceUnitInfo [
	name: default
	...]------
HHH000412: Hibernate Core {5.3.12.Final}------
HHH000206: hibernate.properties not found------
HCANN000001: Hibernate Commons Annotations {5.0.4.Final}------
HHH000400: Using dialect: org.hibernate.dialect.MySQL5Dialect------
Initialized JPA EntityManagerFactory for persistence unit 'default'------
Initializing ExecutorService 'applicationTaskExecutor'------
spring.jpa.open-in-view is enabled by default. Therefore, database queries may be performed during view rendering. Explicitly configure spring.jpa.open-in-view to disable this warning------
Started ProductCategoryRepositoryTest in 6.884 seconds (JVM running for 7.618)------
Shutting down ExecutorService 'applicationTaskExecutor'------
Closing JPA EntityManagerFactory for persistence unit 'default'------
HikariPool-1 - Shutdown initiated...------
HikariPool-1 - Shutdown completed.------
Starting ProductCategoryRepositoryTest on LAPTOP-AVJFS9J6 with PID 1196 (started by lenovo in F:\ideaworkspace\sell)------
No active profile set, falling back to default profiles: default------
Bootstrapping Spring Data repositories in DEFAULT mode.------
Finished Spring Data repository scanning in 45ms. Found 1 repository interfaces.------
Bean 'org.springframework.transaction.annotation.ProxyTransactionManagementConfiguration' of type [org.springframework.transaction.annotation.ProxyTransactionManagementConfiguration$$EnhancerBySpringCGLIB$$27198f60] is not eligible for getting processed by all BeanPostProcessors (for example: not eligible for auto-proxying)------
HikariPool-1 - Starting...------
Registered driver with driverClassName=com.mysql.jdbc.Driver was not found, trying direct instantiation.------
HikariPool-1 - Start completed.------
HHH000204: Processing PersistenceUnitInfo [
	name: default
	...]------
HHH000412: Hibernate Core {5.3.12.Final}------
HHH000206: hibernate.properties not found------
HCANN000001: Hibernate Commons Annotations {5.0.4.Final}------
HHH000400: Using dialect: org.hibernate.dialect.MySQL5Dialect------
Initialized JPA EntityManagerFactory for persistence unit 'default'------
Initializing ExecutorService 'applicationTaskExecutor'------
spring.jpa.open-in-view is enabled by default. Therefore, database queries may be performed during view rendering. Explicitly configure spring.jpa.open-in-view to disable this warning------
Started ProductCategoryRepositoryTest in 7.147 seconds (JVM running for 7.862)------
Shutting down ExecutorService 'applicationTaskExecutor'------
Closing JPA EntityManagerFactory for persistence unit 'default'------
HikariPool-1 - Shutdown initiated...------
HikariPool-1 - Shutdown completed.------
Starting ProductCategoryRepositoryTest on LAPTOP-AVJFS9J6 with PID 22468 (started by lenovo in F:\ideaworkspace\sell)------
No active profile set, falling back to default profiles: default------
Bootstrapping Spring Data repositories in DEFAULT mode.------
Finished Spring Data repository scanning in 50ms. Found 1 repository interfaces.------
Bean 'org.springframework.transaction.annotation.ProxyTransactionManagementConfiguration' of type [org.springframework.transaction.annotation.ProxyTransactionManagementConfiguration$$EnhancerBySpringCGLIB$$90e3937e] is not eligible for getting processed by all BeanPostProcessors (for example: not eligible for auto-proxying)------
HikariPool-1 - Starting...------
Registered driver with driverClassName=com.mysql.jdbc.Driver was not found, trying direct instantiation.------
HikariPool-1 - Start completed.------
HHH000204: Processing PersistenceUnitInfo [
	name: default
	...]------
HHH000412: Hibernate Core {5.3.12.Final}------
HHH000206: hibernate.properties not found------
HCANN000001: Hibernate Commons Annotations {5.0.4.Final}------
HHH000400: Using dialect: org.hibernate.dialect.MySQL5Dialect------
Initialized JPA EntityManagerFactory for persistence unit 'default'------
Initializing ExecutorService 'applicationTaskExecutor'------
spring.jpa.open-in-view is enabled by default. Therefore, database queries may be performed during view rendering. Explicitly configure spring.jpa.open-in-view to disable this warning------
Started ProductCategoryRepositoryTest in 7.986 seconds (JVM running for 8.713)------
Began transaction (1) for test context [DefaultTestContext@5f0fd5a0 testClass = ProductCategoryRepositoryTest, testInstance = com.zd.sell.dao.ProductCategoryRepositoryTest@71f10042, testMethod = saveTest@ProductCategoryRepositoryTest, testException = [null], mergedContextConfiguration = [WebMergedContextConfiguration@64e7619d testClass = ProductCategoryRepositoryTest, locations = '{}', classes = '{class com.zd.sell.SellApplication}', contextInitializerClasses = '[]', activeProfiles = '{}', propertySourceLocations = '{}', propertySourceProperties = '{org.springframework.boot.test.context.SpringBootTestContextBootstrapper=true}', contextCustomizers = set[org.springframework.boot.test.context.filter.ExcludeFilterContextCustomizer@292b08d6, org.springframework.boot.test.json.DuplicateJsonObjectContextCustomizerFactory$DuplicateJsonObjectContextCustomizer@45752059, org.springframework.boot.test.mock.mockito.MockitoContextCustomizer@0, org.springframework.boot.test.web.client.TestRestTemplateContextCustomizer@3fc2959f, org.springframework.boot.test.autoconfigure.properties.PropertyMappingContextCustomizer@0, org.springframework.boot.test.autoconfigure.web.servlet.WebDriverContextCustomizerFactory$Customizer@3c9754d8], resourceBasePath = 'src/main/webapp', contextLoader = 'org.springframework.boot.test.context.SpringBootContextLoader', parent = [null]], attributes = map['org.springframework.test.context.web.ServletTestExecutionListener.activateListener' -> true, 'org.springframework.test.context.web.ServletTestExecutionListener.populatedRequestContextHolder' -> true, 'org.springframework.test.context.web.ServletTestExecutionListener.resetRequestContextHolder' -> true]]; transaction manager [org.springframework.orm.jpa.JpaTransactionManager@578198d9]; rollback [true]------
Rolled back transaction for test: [DefaultTestContext@5f0fd5a0 testClass = ProductCategoryRepositoryTest, testInstance = com.zd.sell.dao.ProductCategoryRepositoryTest@71f10042, testMethod = saveTest@ProductCategoryRepositoryTest, testException = [null], mergedContextConfiguration = [WebMergedContextConfiguration@64e7619d testClass = ProductCategoryRepositoryTest, locations = '{}', classes = '{class com.zd.sell.SellApplication}', contextInitializerClasses = '[]', activeProfiles = '{}', propertySourceLocations = '{}', propertySourceProperties = '{org.springframework.boot.test.context.SpringBootTestContextBootstrapper=true}', contextCustomizers = set[org.springframework.boot.test.context.filter.ExcludeFilterContextCustomizer@292b08d6, org.springframework.boot.test.json.DuplicateJsonObjectContextCustomizerFactory$DuplicateJsonObjectContextCustomizer@45752059, org.springframework.boot.test.mock.mockito.MockitoContextCustomizer@0, org.springframework.boot.test.web.client.TestRestTemplateContextCustomizer@3fc2959f, org.springframework.boot.test.autoconfigure.properties.PropertyMappingContextCustomizer@0, org.springframework.boot.test.autoconfigure.web.servlet.WebDriverContextCustomizerFactory$Customizer@3c9754d8], resourceBasePath = 'src/main/webapp', contextLoader = 'org.springframework.boot.test.context.SpringBootContextLoader', parent = [null]], attributes = map['org.springframework.test.context.web.ServletTestExecutionListener.activateListener' -> true, 'org.springframework.test.context.web.ServletTestExecutionListener.populatedRequestContextHolder' -> true, 'org.springframework.test.context.web.ServletTestExecutionListener.resetRequestContextHolder' -> true]]------
Shutting down ExecutorService 'applicationTaskExecutor'------
Closing JPA EntityManagerFactory for persistence unit 'default'------
HikariPool-1 - Shutdown initiated...------
HikariPool-1 - Shutdown completed.------
Starting ProductCategoryRepositoryTest on LAPTOP-AVJFS9J6 with PID 7760 (started by lenovo in F:\ideaworkspace\sell)------
No active profile set, falling back to default profiles: default------
Bootstrapping Spring Data repositories in DEFAULT mode.------
Finished Spring Data repository scanning in 61ms. Found 1 repository interfaces.------
Bean 'org.springframework.transaction.annotation.ProxyTransactionManagementConfiguration' of type [org.springframework.transaction.annotation.ProxyTransactionManagementConfiguration$$EnhancerBySpringCGLIB$$62fec314] is not eligible for getting processed by all BeanPostProcessors (for example: not eligible for auto-proxying)------
HikariPool-1 - Starting...------
Registered driver with driverClassName=com.mysql.jdbc.Driver was not found, trying direct instantiation.------
HikariPool-1 - Start completed.------
HHH000204: Processing PersistenceUnitInfo [
	name: default
	...]------
HHH000412: Hibernate Core {5.3.12.Final}------
HHH000206: hibernate.properties not found------
HCANN000001: Hibernate Commons Annotations {5.0.4.Final}------
HHH000400: Using dialect: org.hibernate.dialect.MySQL5Dialect------
Initialized JPA EntityManagerFactory for persistence unit 'default'------
Initializing ExecutorService 'applicationTaskExecutor'------
spring.jpa.open-in-view is enabled by default. Therefore, database queries may be performed during view rendering. Explicitly configure spring.jpa.open-in-view to disable this warning------
Started ProductCategoryRepositoryTest in 7.226 seconds (JVM running for 7.982)------
HHH000397: Using ASTQueryTranslatorFactory------
Shutting down ExecutorService 'applicationTaskExecutor'------
Closing JPA EntityManagerFactory for persistence unit 'default'------
HikariPool-1 - Shutdown initiated...------
HikariPool-1 - Shutdown completed.------
Starting ProductCategoryRepositoryTest on LAPTOP-AVJFS9J6 with PID 16476 (started by lenovo in F:\ideaworkspace\sell)------
No active profile set, falling back to default profiles: default------
Bootstrapping Spring Data repositories in DEFAULT mode.------
Finished Spring Data repository scanning in 50ms. Found 1 repository interfaces.------
Bean 'org.springframework.transaction.annotation.ProxyTransactionManagementConfiguration' of type [org.springframework.transaction.annotation.ProxyTransactionManagementConfiguration$$EnhancerBySpringCGLIB$$25de3e98] is not eligible for getting processed by all BeanPostProcessors (for example: not eligible for auto-proxying)------
HikariPool-1 - Starting...------
Registered driver with driverClassName=com.mysql.jdbc.Driver was not found, trying direct instantiation.------
HikariPool-1 - Start completed.------
HHH000204: Processing PersistenceUnitInfo [
	name: default
	...]------
HHH000412: Hibernate Core {5.3.12.Final}------
HHH000206: hibernate.properties not found------
HCANN000001: Hibernate Commons Annotations {5.0.4.Final}------
HHH000400: Using dialect: org.hibernate.dialect.MySQL5Dialect------
Initialized JPA EntityManagerFactory for persistence unit 'default'------
Initializing ExecutorService 'applicationTaskExecutor'------
spring.jpa.open-in-view is enabled by default. Therefore, database queries may be performed during view rendering. Explicitly configure spring.jpa.open-in-view to disable this warning------
Started ProductCategoryRepositoryTest in 10.02 seconds (JVM running for 10.762)------
HHH000397: Using ASTQueryTranslatorFactory------
Shutting down ExecutorService 'applicationTaskExecutor'------
Closing JPA EntityManagerFactory for persistence unit 'default'------
HikariPool-1 - Shutdown initiated...------
HikariPool-1 - Shutdown completed.------
Starting CategoryServiceImplTest on LAPTOP-AVJFS9J6 with PID 4444 (started by lenovo in F:\ideaworkspace\sell)------
No active profile set, falling back to default profiles: default------
Bootstrapping Spring Data repositories in DEFAULT mode.------
Finished Spring Data repository scanning in 107ms. Found 1 repository interfaces.------
Bean 'org.springframework.transaction.annotation.ProxyTransactionManagementConfiguration' of type [org.springframework.transaction.annotation.ProxyTransactionManagementConfiguration$$EnhancerBySpringCGLIB$$f130b4dc] is not eligible for getting processed by all BeanPostProcessors (for example: not eligible for auto-proxying)------
HikariPool-1 - Starting...------
Registered driver with driverClassName=com.mysql.jdbc.Driver was not found, trying direct instantiation.------
HikariPool-1 - Start completed.------
HHH000204: Processing PersistenceUnitInfo [
	name: default
	...]------
HHH000412: Hibernate Core {5.3.12.Final}------
HHH000206: hibernate.properties not found------
HCANN000001: Hibernate Commons Annotations {5.0.4.Final}------
HHH000400: Using dialect: org.hibernate.dialect.MySQL5Dialect------
Initialized JPA EntityManagerFactory for persistence unit 'default'------
Initializing ExecutorService 'applicationTaskExecutor'------
spring.jpa.open-in-view is enabled by default. Therefore, database queries may be performed during view rendering. Explicitly configure spring.jpa.open-in-view to disable this warning------
Started CategoryServiceImplTest in 12.02 seconds (JVM running for 13.897)------
Shutting down ExecutorService 'applicationTaskExecutor'------
Closing JPA EntityManagerFactory for persistence unit 'default'------
HikariPool-1 - Shutdown initiated...------
HikariPool-1 - Shutdown completed.------
Starting CategoryServiceImplTest on LAPTOP-AVJFS9J6 with PID 19048 (started by lenovo in F:\ideaworkspace\sell)------
No active profile set, falling back to default profiles: default------
Bootstrapping Spring Data repositories in DEFAULT mode.------
Finished Spring Data repository scanning in 124ms. Found 1 repository interfaces.------
Bean 'org.springframework.transaction.annotation.ProxyTransactionManagementConfiguration' of type [org.springframework.transaction.annotation.ProxyTransactionManagementConfiguration$$EnhancerBySpringCGLIB$$925ca6e1] is not eligible for getting processed by all BeanPostProcessors (for example: not eligible for auto-proxying)------
HikariPool-1 - Starting...------
Registered driver with driverClassName=com.mysql.jdbc.Driver was not found, trying direct instantiation.------
HikariPool-1 - Start completed.------
HHH000204: Processing PersistenceUnitInfo [
	name: default
	...]------
HHH000412: Hibernate Core {5.3.12.Final}------
HHH000206: hibernate.properties not found------
HCANN000001: Hibernate Commons Annotations {5.0.4.Final}------
HHH000400: Using dialect: org.hibernate.dialect.MySQL5Dialect------
Initialized JPA EntityManagerFactory for persistence unit 'default'------
Initializing ExecutorService 'applicationTaskExecutor'------
spring.jpa.open-in-view is enabled by default. Therefore, database queries may be performed during view rendering. Explicitly configure spring.jpa.open-in-view to disable this warning------
Started CategoryServiceImplTest in 7.906 seconds (JVM running for 8.731)------
Shutting down ExecutorService 'applicationTaskExecutor'------
Closing JPA EntityManagerFactory for persistence unit 'default'------
HikariPool-1 - Shutdown initiated...------
HikariPool-1 - Shutdown completed.------
Starting CategoryServiceImplTest on LAPTOP-AVJFS9J6 with PID 5672 (started by lenovo in F:\ideaworkspace\sell)------
No active profile set, falling back to default profiles: default------
Bootstrapping Spring Data repositories in DEFAULT mode.------
Finished Spring Data repository scanning in 80ms. Found 1 repository interfaces.------
Bean 'org.springframework.transaction.annotation.ProxyTransactionManagementConfiguration' of type [org.springframework.transaction.annotation.ProxyTransactionManagementConfiguration$$EnhancerBySpringCGLIB$$4bd58a4f] is not eligible for getting processed by all BeanPostProcessors (for example: not eligible for auto-proxying)------
HikariPool-1 - Starting...------
Registered driver with driverClassName=com.mysql.jdbc.Driver was not found, trying direct instantiation.------
HikariPool-1 - Start completed.------
HHH000204: Processing PersistenceUnitInfo [
	name: default
	...]------
HHH000412: Hibernate Core {5.3.12.Final}------
HHH000206: hibernate.properties not found------
HCANN000001: Hibernate Commons Annotations {5.0.4.Final}------
HHH000400: Using dialect: org.hibernate.dialect.MySQL5Dialect------
Initialized JPA EntityManagerFactory for persistence unit 'default'------
Initializing ExecutorService 'applicationTaskExecutor'------
spring.jpa.open-in-view is enabled by default. Therefore, database queries may be performed during view rendering. Explicitly configure spring.jpa.open-in-view to disable this warning------
Started CategoryServiceImplTest in 8.502 seconds (JVM running for 9.272)------
HHH000397: Using ASTQueryTranslatorFactory------
Shutting down ExecutorService 'applicationTaskExecutor'------
Closing JPA EntityManagerFactory for persistence unit 'default'------
HikariPool-1 - Shutdown initiated...------
HikariPool-1 - Shutdown completed.------
Starting ProductInfoRepositoryTest on LAPTOP-AVJFS9J6 with PID 1836 (started by lenovo in F:\ideaworkspace\sell)------
No active profile set, falling back to default profiles: default------
Bootstrapping Spring Data repositories in DEFAULT mode.------
Finished Spring Data repository scanning in 75ms. Found 2 repository interfaces.------
Bean 'org.springframework.transaction.annotation.ProxyTransactionManagementConfiguration' of type [org.springframework.transaction.annotation.ProxyTransactionManagementConfiguration$$EnhancerBySpringCGLIB$$11668a25] is not eligible for getting processed by all BeanPostProcessors (for example: not eligible for auto-proxying)------
HikariPool-1 - Starting...------
Registered driver with driverClassName=com.mysql.jdbc.Driver was not found, trying direct instantiation.------
HikariPool-1 - Start completed.------
HHH000204: Processing PersistenceUnitInfo [
	name: default
	...]------
HHH000412: Hibernate Core {5.3.12.Final}------
HHH000206: hibernate.properties not found------
HCANN000001: Hibernate Commons Annotations {5.0.4.Final}------
HHH000400: Using dialect: org.hibernate.dialect.MySQL5Dialect------
Initialized JPA EntityManagerFactory for persistence unit 'default'------
Initializing ExecutorService 'applicationTaskExecutor'------
spring.jpa.open-in-view is enabled by default. Therefore, database queries may be performed during view rendering. Explicitly configure spring.jpa.open-in-view to disable this warning------
Started ProductInfoRepositoryTest in 8.909 seconds (JVM running for 9.689)------
Shutting down ExecutorService 'applicationTaskExecutor'------
Closing JPA EntityManagerFactory for persistence unit 'default'------
HikariPool-1 - Shutdown initiated...------
HikariPool-1 - Shutdown completed.------
Starting ProductInfoRepositoryTest on LAPTOP-AVJFS9J6 with PID 21628 (started by lenovo in F:\ideaworkspace\sell)------
No active profile set, falling back to default profiles: default------
Bootstrapping Spring Data repositories in DEFAULT mode.------
Finished Spring Data repository scanning in 67ms. Found 2 repository interfaces.------
Bean 'org.springframework.transaction.annotation.ProxyTransactionManagementConfiguration' of type [org.springframework.transaction.annotation.ProxyTransactionManagementConfiguration$$EnhancerBySpringCGLIB$$254038b3] is not eligible for getting processed by all BeanPostProcessors (for example: not eligible for auto-proxying)------
HikariPool-1 - Starting...------
Registered driver with driverClassName=com.mysql.jdbc.Driver was not found, trying direct instantiation.------
HikariPool-1 - Start completed.------
HHH000204: Processing PersistenceUnitInfo [
	name: default
	...]------
HHH000412: Hibernate Core {5.3.12.Final}------
HHH000206: hibernate.properties not found------
HCANN000001: Hibernate Commons Annotations {5.0.4.Final}------
HHH000400: Using dialect: org.hibernate.dialect.MySQL5Dialect------
Initialized JPA EntityManagerFactory for persistence unit 'default'------
Initializing ExecutorService 'applicationTaskExecutor'------
spring.jpa.open-in-view is enabled by default. Therefore, database queries may be performed during view rendering. Explicitly configure spring.jpa.open-in-view to disable this warning------
Started ProductInfoRepositoryTest in 7.78 seconds (JVM running for 8.642)------
HHH000397: Using ASTQueryTranslatorFactory------
Shutting down ExecutorService 'applicationTaskExecutor'------
Closing JPA EntityManagerFactory for persistence unit 'default'------
HikariPool-1 - Shutdown initiated...------
HikariPool-1 - Shutdown completed.------
Starting ProductInfoRepositoryTest on LAPTOP-AVJFS9J6 with PID 18236 (started by lenovo in F:\ideaworkspace\sell)------
No active profile set, falling back to default profiles: default------
Bootstrapping Spring Data repositories in DEFAULT mode.------
Finished Spring Data repository scanning in 59ms. Found 2 repository interfaces.------
Bean 'org.springframework.transaction.annotation.ProxyTransactionManagementConfiguration' of type [org.springframework.transaction.annotation.ProxyTransactionManagementConfiguration$$EnhancerBySpringCGLIB$$7238f5a9] is not eligible for getting processed by all BeanPostProcessors (for example: not eligible for auto-proxying)------
HikariPool-1 - Starting...------
Registered driver with driverClassName=com.mysql.jdbc.Driver was not found, trying direct instantiation.------
HikariPool-1 - Start completed.------
HHH000204: Processing PersistenceUnitInfo [
	name: default
	...]------
HHH000412: Hibernate Core {5.3.12.Final}------
HHH000206: hibernate.properties not found------
HCANN000001: Hibernate Commons Annotations {5.0.4.Final}------
HHH000400: Using dialect: org.hibernate.dialect.MySQL5Dialect------
Initialized JPA EntityManagerFactory for persistence unit 'default'------
Initializing ExecutorService 'applicationTaskExecutor'------
spring.jpa.open-in-view is enabled by default. Therefore, database queries may be performed during view rendering. Explicitly configure spring.jpa.open-in-view to disable this warning------
Started ProductInfoRepositoryTest in 8.583 seconds (JVM running for 9.423)------
HHH000397: Using ASTQueryTranslatorFactory------
Shutting down ExecutorService 'applicationTaskExecutor'------
Closing JPA EntityManagerFactory for persistence unit 'default'------
HikariPool-1 - Shutdown initiated...------
HikariPool-1 - Shutdown completed.------
Starting ProductServiceImplTest on LAPTOP-AVJFS9J6 with PID 2444 (started by lenovo in F:\ideaworkspace\sell)------
No active profile set, falling back to default profiles: default------
Bootstrapping Spring Data repositories in DEFAULT mode.------
Finished Spring Data repository scanning in 68ms. Found 2 repository interfaces.------
Bean 'org.springframework.transaction.annotation.ProxyTransactionManagementConfiguration' of type [org.springframework.transaction.annotation.ProxyTransactionManagementConfiguration$$EnhancerBySpringCGLIB$$d95acd46] is not eligible for getting processed by all BeanPostProcessors (for example: not eligible for auto-proxying)------
HikariPool-1 - Starting...------
Registered driver with driverClassName=com.mysql.jdbc.Driver was not found, trying direct instantiation.------
HikariPool-1 - Start completed.------
HHH000204: Processing PersistenceUnitInfo [
	name: default
	...]------
HHH000412: Hibernate Core {5.3.12.Final}------
HHH000206: hibernate.properties not found------
HCANN000001: Hibernate Commons Annotations {5.0.4.Final}------
HHH000400: Using dialect: org.hibernate.dialect.MySQL5Dialect------
Initialized JPA EntityManagerFactory for persistence unit 'default'------
Initializing ExecutorService 'applicationTaskExecutor'------
spring.jpa.open-in-view is enabled by default. Therefore, database queries may be performed during view rendering. Explicitly configure spring.jpa.open-in-view to disable this warning------
Started ProductServiceImplTest in 7.993 seconds (JVM running for 8.85)------
Shutting down ExecutorService 'applicationTaskExecutor'------
Closing JPA EntityManagerFactory for persistence unit 'default'------
HikariPool-1 - Shutdown initiated...------
HikariPool-1 - Shutdown completed.------
Starting ProductServiceImplTest on LAPTOP-AVJFS9J6 with PID 13252 (started by lenovo in F:\ideaworkspace\sell)------
No active profile set, falling back to default profiles: default------
Bootstrapping Spring Data repositories in DEFAULT mode.------
Finished Spring Data repository scanning in 62ms. Found 2 repository interfaces.------
Bean 'org.springframework.transaction.annotation.ProxyTransactionManagementConfiguration' of type [org.springframework.transaction.annotation.ProxyTransactionManagementConfiguration$$EnhancerBySpringCGLIB$$7238f5a9] is not eligible for getting processed by all BeanPostProcessors (for example: not eligible for auto-proxying)------
HikariPool-1 - Starting...------
Registered driver with driverClassName=com.mysql.jdbc.Driver was not found, trying direct instantiation.------
HikariPool-1 - Start completed.------
HHH000204: Processing PersistenceUnitInfo [
	name: default
	...]------
HHH000412: Hibernate Core {5.3.12.Final}------
HHH000206: hibernate.properties not found------
HCANN000001: Hibernate Commons Annotations {5.0.4.Final}------
HHH000400: Using dialect: org.hibernate.dialect.MySQL5Dialect------
Initialized JPA EntityManagerFactory for persistence unit 'default'------
Initializing ExecutorService 'applicationTaskExecutor'------
spring.jpa.open-in-view is enabled by default. Therefore, database queries may be performed during view rendering. Explicitly configure spring.jpa.open-in-view to disable this warning------
Started ProductServiceImplTest in 9.004 seconds (JVM running for 9.727)------
HHH000397: Using ASTQueryTranslatorFactory------
Shutting down ExecutorService 'applicationTaskExecutor'------
Closing JPA EntityManagerFactory for persistence unit 'default'------
HikariPool-1 - Shutdown initiated...------
HikariPool-1 - Shutdown completed.------
Starting ProductServiceImplTest on LAPTOP-AVJFS9J6 with PID 19240 (started by lenovo in F:\ideaworkspace\sell)------
No active profile set, falling back to default profiles: default------
Bootstrapping Spring Data repositories in DEFAULT mode.------
Finished Spring Data repository scanning in 86ms. Found 2 repository interfaces.------
Bean 'org.springframework.transaction.annotation.ProxyTransactionManagementConfiguration' of type [org.springframework.transaction.annotation.ProxyTransactionManagementConfiguration$$EnhancerBySpringCGLIB$$5d461244] is not eligible for getting processed by all BeanPostProcessors (for example: not eligible for auto-proxying)------
HikariPool-1 - Starting...------
Registered driver with driverClassName=com.mysql.jdbc.Driver was not found, trying direct instantiation.------
HikariPool-1 - Start completed.------
HHH000204: Processing PersistenceUnitInfo [
	name: default
	...]------
HHH000412: Hibernate Core {5.3.12.Final}------
HHH000206: hibernate.properties not found------
HCANN000001: Hibernate Commons Annotations {5.0.4.Final}------
HHH000400: Using dialect: org.hibernate.dialect.MySQL5Dialect------
Initialized JPA EntityManagerFactory for persistence unit 'default'------
Initializing ExecutorService 'applicationTaskExecutor'------
spring.jpa.open-in-view is enabled by default. Therefore, database queries may be performed during view rendering. Explicitly configure spring.jpa.open-in-view to disable this warning------
Started ProductServiceImplTest in 8.957 seconds (JVM running for 9.691)------
HHH000397: Using ASTQueryTranslatorFactory------
Shutting down ExecutorService 'applicationTaskExecutor'------
Closing JPA EntityManagerFactory for persistence unit 'default'------
HikariPool-1 - Shutdown initiated...------
HikariPool-1 - Shutdown completed.------
Starting ProductServiceImplTest on LAPTOP-AVJFS9J6 with PID 4460 (started by lenovo in F:\ideaworkspace\sell)------
No active profile set, falling back to default profiles: default------
Bootstrapping Spring Data repositories in DEFAULT mode.------
Finished Spring Data repository scanning in 88ms. Found 2 repository interfaces.------
Bean 'org.springframework.transaction.annotation.ProxyTransactionManagementConfiguration' of type [org.springframework.transaction.annotation.ProxyTransactionManagementConfiguration$$EnhancerBySpringCGLIB$$174f53bd] is not eligible for getting processed by all BeanPostProcessors (for example: not eligible for auto-proxying)------
HikariPool-1 - Starting...------
Registered driver with driverClassName=com.mysql.jdbc.Driver was not found, trying direct instantiation.------
HikariPool-1 - Start completed.------
HHH000204: Processing PersistenceUnitInfo [
	name: default
	...]------
HHH000412: Hibernate Core {5.3.12.Final}------
HHH000206: hibernate.properties not found------
HCANN000001: Hibernate Commons Annotations {5.0.4.Final}------
HHH000400: Using dialect: org.hibernate.dialect.MySQL5Dialect------
Initialized JPA EntityManagerFactory for persistence unit 'default'------
Initializing ExecutorService 'applicationTaskExecutor'------
spring.jpa.open-in-view is enabled by default. Therefore, database queries may be performed during view rendering. Explicitly configure spring.jpa.open-in-view to disable this warning------
Started ProductServiceImplTest in 9.532 seconds (JVM running for 10.288)------
Shutting down ExecutorService 'applicationTaskExecutor'------
Closing JPA EntityManagerFactory for persistence unit 'default'------
HikariPool-1 - Shutdown initiated...------
HikariPool-1 - Shutdown completed.------
Starting ProductServiceImplTest on LAPTOP-AVJFS9J6 with PID 19648 (started by lenovo in F:\ideaworkspace\sell)------
No active profile set, falling back to default profiles: default------
Bootstrapping Spring Data repositories in DEFAULT mode.------
Finished Spring Data repository scanning in 77ms. Found 2 repository interfaces.------
Bean 'org.springframework.transaction.annotation.ProxyTransactionManagementConfiguration' of type [org.springframework.transaction.annotation.ProxyTransactionManagementConfiguration$$EnhancerBySpringCGLIB$$fe46e661] is not eligible for getting processed by all BeanPostProcessors (for example: not eligible for auto-proxying)------
HikariPool-1 - Starting...------
Registered driver with driverClassName=com.mysql.jdbc.Driver was not found, trying direct instantiation.------
HikariPool-1 - Start completed.------
HHH000204: Processing PersistenceUnitInfo [
	name: default
	...]------
HHH000412: Hibernate Core {5.3.12.Final}------
HHH000206: hibernate.properties not found------
HCANN000001: Hibernate Commons Annotations {5.0.4.Final}------
HHH000400: Using dialect: org.hibernate.dialect.MySQL5Dialect------
Initialized JPA EntityManagerFactory for persistence unit 'default'------
Initializing ExecutorService 'applicationTaskExecutor'------
spring.jpa.open-in-view is enabled by default. Therefore, database queries may be performed during view rendering. Explicitly configure spring.jpa.open-in-view to disable this warning------
Started ProductServiceImplTest in 8.827 seconds (JVM running for 9.648)------
Shutting down ExecutorService 'applicationTaskExecutor'------
Closing JPA EntityManagerFactory for persistence unit 'default'------
HikariPool-1 - Shutdown initiated...------
HikariPool-1 - Shutdown completed.------
Starting ProductServiceImplTest on LAPTOP-AVJFS9J6 with PID 9664 (started by lenovo in F:\ideaworkspace\sell)------
No active profile set, falling back to default profiles: default------
Bootstrapping Spring Data repositories in DEFAULT mode.------
Finished Spring Data repository scanning in 62ms. Found 2 repository interfaces.------
Bean 'org.springframework.transaction.annotation.ProxyTransactionManagementConfiguration' of type [org.springframework.transaction.annotation.ProxyTransactionManagementConfiguration$$EnhancerBySpringCGLIB$$164d80e1] is not eligible for getting processed by all BeanPostProcessors (for example: not eligible for auto-proxying)------
HikariPool-1 - Starting...------
Registered driver with driverClassName=com.mysql.jdbc.Driver was not found, trying direct instantiation.------
HikariPool-1 - Start completed.------
HHH000204: Processing PersistenceUnitInfo [
	name: default
	...]------
HHH000412: Hibernate Core {5.3.12.Final}------
HHH000206: hibernate.properties not found------
HCANN000001: Hibernate Commons Annotations {5.0.4.Final}------
HHH000400: Using dialect: org.hibernate.dialect.MySQL5Dialect------
Initialized JPA EntityManagerFactory for persistence unit 'default'------
Initializing ExecutorService 'applicationTaskExecutor'------
spring.jpa.open-in-view is enabled by default. Therefore, database queries may be performed during view rendering. Explicitly configure spring.jpa.open-in-view to disable this warning------
Started ProductServiceImplTest in 8.868 seconds (JVM running for 9.71)------
HHH000397: Using ASTQueryTranslatorFactory------
Shutting down ExecutorService 'applicationTaskExecutor'------
Closing JPA EntityManagerFactory for persistence unit 'default'------
HikariPool-1 - Shutdown initiated...------
HikariPool-1 - Shutdown completed.------
Starting ProductServiceImplTest on LAPTOP-AVJFS9J6 with PID 1664 (started by lenovo in F:\ideaworkspace\sell)------
No active profile set, falling back to default profiles: default------
Bootstrapping Spring Data repositories in DEFAULT mode.------
Finished Spring Data repository scanning in 238ms. Found 2 repository interfaces.------
Bean 'org.springframework.transaction.annotation.ProxyTransactionManagementConfiguration' of type [org.springframework.transaction.annotation.ProxyTransactionManagementConfiguration$$EnhancerBySpringCGLIB$$43e98983] is not eligible for getting processed by all BeanPostProcessors (for example: not eligible for auto-proxying)------
HikariPool-1 - Starting...------
Registered driver with driverClassName=com.mysql.jdbc.Driver was not found, trying direct instantiation.------
HikariPool-1 - Start completed.------
HHH000204: Processing PersistenceUnitInfo [
	name: default
	...]------
HHH000412: Hibernate Core {5.3.12.Final}------
HHH000206: hibernate.properties not found------
HCANN000001: Hibernate Commons Annotations {5.0.4.Final}------
HHH000400: Using dialect: org.hibernate.dialect.MySQL5Dialect------
Initialized JPA EntityManagerFactory for persistence unit 'default'------
Initializing ExecutorService 'applicationTaskExecutor'------
spring.jpa.open-in-view is enabled by default. Therefore, database queries may be performed during view rendering. Explicitly configure spring.jpa.open-in-view to disable this warning------
Started ProductServiceImplTest in 9.634 seconds (JVM running for 12.314)------
HHH000397: Using ASTQueryTranslatorFactory------
HikariPool-1 - Thread starvation or clock leap detected (housekeeper delta=52s201ms688s206ns).------
Shutting down ExecutorService 'applicationTaskExecutor'------
Closing JPA EntityManagerFactory for persistence unit 'default'------
HikariPool-1 - Shutdown initiated...------
HikariPool-1 - Shutdown completed.------
