Starting OrderServiceImplTest on LAPTOP-AVJFS9J6 with PID 24392 (started by lenovo in F:\ideaworkspace\sell)------
No active profile set, falling back to default profiles: default------
Bootstrapping Spring Data repositories in DEFAULT mode.------
Finished Spring Data repository scanning in 98ms. Found 4 repository interfaces.------
Bean 'org.springframework.transaction.annotation.ProxyTransactionManagementConfiguration' of type [org.springframework.transaction.annotation.ProxyTransactionManagementConfiguration$$EnhancerBySpringCGLIB$$273a1395] is not eligible for getting processed by all BeanPostProcessors (for example: not eligible for auto-proxying)------
HikariPool-1 - Starting...------
Registered driver with driverClassName=com.mysql.jdbc.Driver was not found, trying direct instantiation.------
HikariPool-1 - Start completed.------
HHH000204: Processing PersistenceUnitInfo [
	name: default
	...]------
HHH000412: Hibernate Core {5.3.12.Final}------
HHH000206: hibernate.properties not found------
HCANN000001: Hibernate Commons Annotations {5.0.4.Final}------
HHH000400: Using dialect: org.hibernate.dialect.MySQL5Dialect------
Initialized JPA EntityManagerFactory for persistence unit 'default'------
Initializing ExecutorService 'applicationTaskExecutor'------
spring.jpa.open-in-view is enabled by default. Therefore, database queries may be performed during view rendering. Explicitly configure spring.jpa.open-in-view to disable this warning------
Started OrderServiceImplTest in 12.224 seconds (JVM running for 16.052)------
Shutting down ExecutorService 'applicationTaskExecutor'------
Closing JPA EntityManagerFactory for persistence unit 'default'------
HikariPool-1 - Shutdown initiated...------
HikariPool-1 - Shutdown completed.------
Starting OrderServiceImplTest on LAPTOP-AVJFS9J6 with PID 27276 (started by lenovo in F:\ideaworkspace\sell)------
No active profile set, falling back to default profiles: default------
Bootstrapping Spring Data repositories in DEFAULT mode.------
Finished Spring Data repository scanning in 161ms. Found 4 repository interfaces.------
Bean 'org.springframework.transaction.annotation.ProxyTransactionManagementConfiguration' of type [org.springframework.transaction.annotation.ProxyTransactionManagementConfiguration$$EnhancerBySpringCGLIB$$392bb00b] is not eligible for getting processed by all BeanPostProcessors (for example: not eligible for auto-proxying)------
HikariPool-1 - Starting...------
Registered driver with driverClassName=com.mysql.jdbc.Driver was not found, trying direct instantiation.------
HikariPool-1 - Start completed.------
HHH000204: Processing PersistenceUnitInfo [
	name: default
	...]------
HHH000412: Hibernate Core {5.3.12.Final}------
HHH000206: hibernate.properties not found------
HCANN000001: Hibernate Commons Annotations {5.0.4.Final}------
HHH000400: Using dialect: org.hibernate.dialect.MySQL5Dialect------
Initialized JPA EntityManagerFactory for persistence unit 'default'------
Initializing ExecutorService 'applicationTaskExecutor'------
spring.jpa.open-in-view is enabled by default. Therefore, database queries may be performed during view rendering. Explicitly configure spring.jpa.open-in-view to disable this warning------
Started OrderServiceImplTest in 9.454 seconds (JVM running for 11.69)------
HikariPool-1 - Thread starvation or clock leap detected (housekeeper delta=3m51s668ms683µs282ns).------
Shutting down ExecutorService 'applicationTaskExecutor'------
Closing JPA EntityManagerFactory for persistence unit 'default'------
HikariPool-1 - Shutdown initiated...------
HikariPool-1 - Shutdown completed.------
Starting OrderServiceImplTest on LAPTOP-AVJFS9J6 with PID 2860 (started by lenovo in F:\ideaworkspace\sell)------
No active profile set, falling back to default profiles: default------
Bootstrapping Spring Data repositories in DEFAULT mode.------
Finished Spring Data repository scanning in 97ms. Found 4 repository interfaces.------
Bean 'org.springframework.transaction.annotation.ProxyTransactionManagementConfiguration' of type [org.springframework.transaction.annotation.ProxyTransactionManagementConfiguration$$EnhancerBySpringCGLIB$$2042dd0d] is not eligible for getting processed by all BeanPostProcessors (for example: not eligible for auto-proxying)------
HikariPool-1 - Starting...------
Registered driver with driverClassName=com.mysql.jdbc.Driver was not found, trying direct instantiation.------
HikariPool-1 - Start completed.------
HHH000204: Processing PersistenceUnitInfo [
	name: default
	...]------
HHH000412: Hibernate Core {5.3.12.Final}------
HHH000206: hibernate.properties not found------
HCANN000001: Hibernate Commons Annotations {5.0.4.Final}------
HHH000400: Using dialect: org.hibernate.dialect.MySQL5Dialect------
Initialized JPA EntityManagerFactory for persistence unit 'default'------
Initializing ExecutorService 'applicationTaskExecutor'------
spring.jpa.open-in-view is enabled by default. Therefore, database queries may be performed during view rendering. Explicitly configure spring.jpa.open-in-view to disable this warning------
Started OrderServiceImplTest in 9.022 seconds (JVM running for 9.793)------
Shutting down ExecutorService 'applicationTaskExecutor'------
Closing JPA EntityManagerFactory for persistence unit 'default'------
HikariPool-1 - Shutdown initiated...------
HikariPool-1 - Shutdown completed.------
Starting OrderServiceImplTest on LAPTOP-AVJFS9J6 with PID 22488 (started by lenovo in F:\ideaworkspace\sell)------
No active profile set, falling back to default profiles: default------
Bootstrapping Spring Data repositories in DEFAULT mode.------
Finished Spring Data repository scanning in 91ms. Found 4 repository interfaces.------
Bean 'org.springframework.transaction.annotation.ProxyTransactionManagementConfiguration' of type [org.springframework.transaction.annotation.ProxyTransactionManagementConfiguration$$EnhancerBySpringCGLIB$$b33991dc] is not eligible for getting processed by all BeanPostProcessors (for example: not eligible for auto-proxying)------
HikariPool-1 - Starting...------
Registered driver with driverClassName=com.mysql.jdbc.Driver was not found, trying direct instantiation.------
HikariPool-1 - Start completed.------
HHH000204: Processing PersistenceUnitInfo [
	name: default
	...]------
HHH000412: Hibernate Core {5.3.12.Final}------
HHH000206: hibernate.properties not found------
HCANN000001: Hibernate Commons Annotations {5.0.4.Final}------
HHH000400: Using dialect: org.hibernate.dialect.MySQL5Dialect------
Initialized JPA EntityManagerFactory for persistence unit 'default'------
Initializing ExecutorService 'applicationTaskExecutor'------
spring.jpa.open-in-view is enabled by default. Therefore, database queries may be performed during view rendering. Explicitly configure spring.jpa.open-in-view to disable this warning------
Started OrderServiceImplTest in 9.125 seconds (JVM running for 9.905)------
Shutting down ExecutorService 'applicationTaskExecutor'------
Closing JPA EntityManagerFactory for persistence unit 'default'------
HikariPool-1 - Shutdown initiated...------
HikariPool-1 - Shutdown completed.------
Starting OrderServiceImplTest on LAPTOP-AVJFS9J6 with PID 15664 (started by lenovo in F:\ideaworkspace\sell)------
No active profile set, falling back to default profiles: default------
Bootstrapping Spring Data repositories in DEFAULT mode.------
Finished Spring Data repository scanning in 124ms. Found 4 repository interfaces.------
Bean 'org.springframework.transaction.annotation.ProxyTransactionManagementConfiguration' of type [org.springframework.transaction.annotation.ProxyTransactionManagementConfiguration$$EnhancerBySpringCGLIB$$bcec86ec] is not eligible for getting processed by all BeanPostProcessors (for example: not eligible for auto-proxying)------
HikariPool-1 - Starting...------
Registered driver with driverClassName=com.mysql.jdbc.Driver was not found, trying direct instantiation.------
HikariPool-1 - Start completed.------
HHH000204: Processing PersistenceUnitInfo [
	name: default
	...]------
HHH000412: Hibernate Core {5.3.12.Final}------
HHH000206: hibernate.properties not found------
HCANN000001: Hibernate Commons Annotations {5.0.4.Final}------
HHH000400: Using dialect: org.hibernate.dialect.MySQL5Dialect------
Initialized JPA EntityManagerFactory for persistence unit 'default'------
Initializing ExecutorService 'applicationTaskExecutor'------
spring.jpa.open-in-view is enabled by default. Therefore, database queries may be performed during view rendering. Explicitly configure spring.jpa.open-in-view to disable this warning------
Started OrderServiceImplTest in 8.51 seconds (JVM running for 9.765)------
Shutting down ExecutorService 'applicationTaskExecutor'------
Closing JPA EntityManagerFactory for persistence unit 'default'------
HikariPool-1 - Shutdown initiated...------
HikariPool-1 - Shutdown completed.------
Starting OrderServiceImplTest on LAPTOP-AVJFS9J6 with PID 4844 (started by lenovo in F:\ideaworkspace\sell)------
No active profile set, falling back to default profiles: default------
Bootstrapping Spring Data repositories in DEFAULT mode.------
Finished Spring Data repository scanning in 111ms. Found 4 repository interfaces.------
Bean 'org.springframework.transaction.annotation.ProxyTransactionManagementConfiguration' of type [org.springframework.transaction.annotation.ProxyTransactionManagementConfiguration$$EnhancerBySpringCGLIB$$a6a7f775] is not eligible for getting processed by all BeanPostProcessors (for example: not eligible for auto-proxying)------
HikariPool-1 - Starting...------
Registered driver with driverClassName=com.mysql.jdbc.Driver was not found, trying direct instantiation.------
HikariPool-1 - Start completed.------
HHH000204: Processing PersistenceUnitInfo [
	name: default
	...]------
HHH000412: Hibernate Core {5.3.12.Final}------
HHH000206: hibernate.properties not found------
HCANN000001: Hibernate Commons Annotations {5.0.4.Final}------
HHH000400: Using dialect: org.hibernate.dialect.MySQL5Dialect------
Initialized JPA EntityManagerFactory for persistence unit 'default'------
Initializing ExecutorService 'applicationTaskExecutor'------
spring.jpa.open-in-view is enabled by default. Therefore, database queries may be performed during view rendering. Explicitly configure spring.jpa.open-in-view to disable this warning------
Started OrderServiceImplTest in 8.986 seconds (JVM running for 10.532)------
HikariPool-1 - Thread starvation or clock leap detected (housekeeper delta=48s698ms235µs458ns).------
Shutting down ExecutorService 'applicationTaskExecutor'------
Closing JPA EntityManagerFactory for persistence unit 'default'------
HikariPool-1 - Shutdown initiated...------
HikariPool-1 - Shutdown completed.------
Starting OrderServiceImplTest on LAPTOP-AVJFS9J6 with PID 21904 (started by lenovo in F:\ideaworkspace\sell)------
No active profile set, falling back to default profiles: default------
Bootstrapping Spring Data repositories in DEFAULT mode.------
Finished Spring Data repository scanning in 77ms. Found 4 repository interfaces.------
Bean 'org.springframework.transaction.annotation.ProxyTransactionManagementConfiguration' of type [org.springframework.transaction.annotation.ProxyTransactionManagementConfiguration$$EnhancerBySpringCGLIB$$e36f0a0b] is not eligible for getting processed by all BeanPostProcessors (for example: not eligible for auto-proxying)------
HikariPool-1 - Starting...------
Registered driver with driverClassName=com.mysql.jdbc.Driver was not found, trying direct instantiation.------
HikariPool-1 - Start completed.------
HHH000204: Processing PersistenceUnitInfo [
	name: default
	...]------
HHH000412: Hibernate Core {5.3.12.Final}------
HHH000206: hibernate.properties not found------
HCANN000001: Hibernate Commons Annotations {5.0.4.Final}------
HHH000400: Using dialect: org.hibernate.dialect.MySQL5Dialect------
Initialized JPA EntityManagerFactory for persistence unit 'default'------
Initializing ExecutorService 'applicationTaskExecutor'------
spring.jpa.open-in-view is enabled by default. Therefore, database queries may be performed during view rendering. Explicitly configure spring.jpa.open-in-view to disable this warning------
Started OrderServiceImplTest in 9.179 seconds (JVM running for 9.941)------
SQL Error: 1048, SQLState: 23000------
Shutting down ExecutorService 'applicationTaskExecutor'------
Closing JPA EntityManagerFactory for persistence unit 'default'------
HikariPool-1 - Shutdown initiated...------
HikariPool-1 - Shutdown completed.------
Starting OrderServiceImplTest on LAPTOP-AVJFS9J6 with PID 14552 (started by lenovo in F:\ideaworkspace\sell)------
No active profile set, falling back to default profiles: default------
Bootstrapping Spring Data repositories in DEFAULT mode.------
Finished Spring Data repository scanning in 87ms. Found 4 repository interfaces.------
Bean 'org.springframework.transaction.annotation.ProxyTransactionManagementConfiguration' of type [org.springframework.transaction.annotation.ProxyTransactionManagementConfiguration$$EnhancerBySpringCGLIB$$57c78ad] is not eligible for getting processed by all BeanPostProcessors (for example: not eligible for auto-proxying)------
HikariPool-1 - Starting...------
Registered driver with driverClassName=com.mysql.jdbc.Driver was not found, trying direct instantiation.------
HikariPool-1 - Start completed.------
HHH000204: Processing PersistenceUnitInfo [
	name: default
	...]------
HHH000412: Hibernate Core {5.3.12.Final}------
HHH000206: hibernate.properties not found------
HCANN000001: Hibernate Commons Annotations {5.0.4.Final}------
HHH000400: Using dialect: org.hibernate.dialect.MySQL5Dialect------
Initialized JPA EntityManagerFactory for persistence unit 'default'------
Initializing ExecutorService 'applicationTaskExecutor'------
spring.jpa.open-in-view is enabled by default. Therefore, database queries may be performed during view rendering. Explicitly configure spring.jpa.open-in-view to disable this warning------
Started OrderServiceImplTest in 8.909 seconds (JVM running for 9.652)------
Shutting down ExecutorService 'applicationTaskExecutor'------
Closing JPA EntityManagerFactory for persistence unit 'default'------
HikariPool-1 - Shutdown initiated...------
HikariPool-1 - Shutdown completed.------
Starting OrderServiceImplTest on LAPTOP-AVJFS9J6 with PID 9608 (started by lenovo in F:\ideaworkspace\sell)------
No active profile set, falling back to default profiles: default------
Bootstrapping Spring Data repositories in DEFAULT mode.------
Finished Spring Data repository scanning in 80ms. Found 4 repository interfaces.------
Bean 'org.springframework.transaction.annotation.ProxyTransactionManagementConfiguration' of type [org.springframework.transaction.annotation.ProxyTransactionManagementConfiguration$$EnhancerBySpringCGLIB$$b1d9f7c] is not eligible for getting processed by all BeanPostProcessors (for example: not eligible for auto-proxying)------
HikariPool-1 - Starting...------
Registered driver with driverClassName=com.mysql.jdbc.Driver was not found, trying direct instantiation.------
HikariPool-1 - Start completed.------
HHH000204: Processing PersistenceUnitInfo [
	name: default
	...]------
HHH000412: Hibernate Core {5.3.12.Final}------
HHH000206: hibernate.properties not found------
HCANN000001: Hibernate Commons Annotations {5.0.4.Final}------
HHH000400: Using dialect: org.hibernate.dialect.MySQL5Dialect------
Initialized JPA EntityManagerFactory for persistence unit 'default'------
Initializing ExecutorService 'applicationTaskExecutor'------
spring.jpa.open-in-view is enabled by default. Therefore, database queries may be performed during view rendering. Explicitly configure spring.jpa.open-in-view to disable this warning------
Started OrderServiceImplTest in 8.617 seconds (JVM running for 9.329)------
Shutting down ExecutorService 'applicationTaskExecutor'------
Closing JPA EntityManagerFactory for persistence unit 'default'------
HikariPool-1 - Shutdown initiated...------
HikariPool-1 - Shutdown completed.------
Starting OrderServiceImplTest on LAPTOP-AVJFS9J6 with PID 13684 (started by lenovo in F:\ideaworkspace\sell)------
No active profile set, falling back to default profiles: default------
Bootstrapping Spring Data repositories in DEFAULT mode.------
Finished Spring Data repository scanning in 135ms. Found 4 repository interfaces.------
Bean 'org.springframework.transaction.annotation.ProxyTransactionManagementConfiguration' of type [org.springframework.transaction.annotation.ProxyTransactionManagementConfiguration$$EnhancerBySpringCGLIB$$3be850f5] is not eligible for getting processed by all BeanPostProcessors (for example: not eligible for auto-proxying)------
HikariPool-1 - Starting...------
Registered driver with driverClassName=com.mysql.jdbc.Driver was not found, trying direct instantiation.------
HikariPool-1 - Start completed.------
HHH000204: Processing PersistenceUnitInfo [
	name: default
	...]------
HHH000412: Hibernate Core {5.3.12.Final}------
HHH000206: hibernate.properties not found------
HCANN000001: Hibernate Commons Annotations {5.0.4.Final}------
HHH000400: Using dialect: org.hibernate.dialect.MySQL5Dialect------
Initialized JPA EntityManagerFactory for persistence unit 'default'------
Initializing ExecutorService 'applicationTaskExecutor'------
spring.jpa.open-in-view is enabled by default. Therefore, database queries may be performed during view rendering. Explicitly configure spring.jpa.open-in-view to disable this warning------
Started OrderServiceImplTest in 16.929 seconds (JVM running for 19.157)------
Shutting down ExecutorService 'applicationTaskExecutor'------
Closing JPA EntityManagerFactory for persistence unit 'default'------
HikariPool-1 - Shutdown initiated...------
HikariPool-1 - Shutdown completed.------
Starting OrderServiceImplTest on LAPTOP-AVJFS9J6 with PID 27820 (started by lenovo in F:\ideaworkspace\sell)------
No active profile set, falling back to default profiles: default------
Bootstrapping Spring Data repositories in DEFAULT mode.------
Finished Spring Data repository scanning in 145ms. Found 4 repository interfaces.------
Bean 'org.springframework.transaction.annotation.ProxyTransactionManagementConfiguration' of type [org.springframework.transaction.annotation.ProxyTransactionManagementConfiguration$$EnhancerBySpringCGLIB$$3c6ded45] is not eligible for getting processed by all BeanPostProcessors (for example: not eligible for auto-proxying)------
HikariPool-1 - Starting...------
Registered driver with driverClassName=com.mysql.jdbc.Driver was not found, trying direct instantiation.------
HikariPool-1 - Start completed.------
HHH000204: Processing PersistenceUnitInfo [
	name: default
	...]------
HHH000412: Hibernate Core {5.3.12.Final}------
HHH000206: hibernate.properties not found------
HCANN000001: Hibernate Commons Annotations {5.0.4.Final}------
HHH000400: Using dialect: org.hibernate.dialect.MySQL5Dialect------
Initialized JPA EntityManagerFactory for persistence unit 'default'------
Initializing ExecutorService 'applicationTaskExecutor'------
spring.jpa.open-in-view is enabled by default. Therefore, database queries may be performed during view rendering. Explicitly configure spring.jpa.open-in-view to disable this warning------
Started OrderServiceImplTest in 15.141 seconds (JVM running for 17.551)------
HHH000397: Using ASTQueryTranslatorFactory------
Shutting down ExecutorService 'applicationTaskExecutor'------
Closing JPA EntityManagerFactory for persistence unit 'default'------
HikariPool-1 - Shutdown initiated...------
HikariPool-1 - Shutdown completed.------
Starting OrderServiceImplTest on LAPTOP-AVJFS9J6 with PID 25372 (started by lenovo in F:\ideaworkspace\sell)------
No active profile set, falling back to default profiles: default------
Bootstrapping Spring Data repositories in DEFAULT mode.------
Finished Spring Data repository scanning in 83ms. Found 4 repository interfaces.------
Bean 'org.springframework.transaction.annotation.ProxyTransactionManagementConfiguration' of type [org.springframework.transaction.annotation.ProxyTransactionManagementConfiguration$$EnhancerBySpringCGLIB$$b5e60170] is not eligible for getting processed by all BeanPostProcessors (for example: not eligible for auto-proxying)------
HikariPool-1 - Starting...------
Registered driver with driverClassName=com.mysql.jdbc.Driver was not found, trying direct instantiation.------
HikariPool-1 - Start completed.------
HHH000204: Processing PersistenceUnitInfo [
	name: default
	...]------
HHH000412: Hibernate Core {5.3.12.Final}------
HHH000206: hibernate.properties not found------
HCANN000001: Hibernate Commons Annotations {5.0.4.Final}------
HHH000400: Using dialect: org.hibernate.dialect.MySQL5Dialect------
Initialized JPA EntityManagerFactory for persistence unit 'default'------
Initializing ExecutorService 'applicationTaskExecutor'------
spring.jpa.open-in-view is enabled by default. Therefore, database queries may be performed during view rendering. Explicitly configure spring.jpa.open-in-view to disable this warning------
Started OrderServiceImplTest in 10.14 seconds (JVM running for 10.897)------
HHH000397: Using ASTQueryTranslatorFactory------
Shutting down ExecutorService 'applicationTaskExecutor'------
Closing JPA EntityManagerFactory for persistence unit 'default'------
HikariPool-1 - Shutdown initiated...------
HikariPool-1 - Shutdown completed.------
Starting OrderServiceImplTest on LAPTOP-AVJFS9J6 with PID 19220 (started by lenovo in F:\ideaworkspace\sell)------
No active profile set, falling back to default profiles: default------
Bootstrapping Spring Data repositories in DEFAULT mode.------
Finished Spring Data repository scanning in 129ms. Found 4 repository interfaces.------
Bean 'org.springframework.transaction.annotation.ProxyTransactionManagementConfiguration' of type [org.springframework.transaction.annotation.ProxyTransactionManagementConfiguration$$EnhancerBySpringCGLIB$$de8f0f6c] is not eligible for getting processed by all BeanPostProcessors (for example: not eligible for auto-proxying)------
HikariPool-1 - Starting...------
Registered driver with driverClassName=com.mysql.jdbc.Driver was not found, trying direct instantiation.------
HikariPool-1 - Start completed.------
HHH000204: Processing PersistenceUnitInfo [
	name: default
	...]------
HHH000412: Hibernate Core {5.3.12.Final}------
HHH000206: hibernate.properties not found------
HCANN000001: Hibernate Commons Annotations {5.0.4.Final}------
HHH000400: Using dialect: org.hibernate.dialect.MySQL5Dialect------
Initialized JPA EntityManagerFactory for persistence unit 'default'------
Initializing ExecutorService 'applicationTaskExecutor'------
spring.jpa.open-in-view is enabled by default. Therefore, database queries may be performed during view rendering. Explicitly configure spring.jpa.open-in-view to disable this warning------
Started OrderServiceImplTest in 13.319 seconds (JVM running for 15.427)------
Shutting down ExecutorService 'applicationTaskExecutor'------
Closing JPA EntityManagerFactory for persistence unit 'default'------
HikariPool-1 - Shutdown initiated...------
HikariPool-1 - Shutdown completed.------
Starting OrderServiceImplTest on LAPTOP-AVJFS9J6 with PID 18416 (started by lenovo in F:\ideaworkspace\sell)------
No active profile set, falling back to default profiles: default------
Bootstrapping Spring Data repositories in DEFAULT mode.------
Finished Spring Data repository scanning in 114ms. Found 4 repository interfaces.------
Bean 'org.springframework.transaction.annotation.ProxyTransactionManagementConfiguration' of type [org.springframework.transaction.annotation.ProxyTransactionManagementConfiguration$$EnhancerBySpringCGLIB$$2042dd0d] is not eligible for getting processed by all BeanPostProcessors (for example: not eligible for auto-proxying)------
HikariPool-1 - Starting...------
Registered driver with driverClassName=com.mysql.jdbc.Driver was not found, trying direct instantiation.------
HikariPool-1 - Start completed.------
HHH000204: Processing PersistenceUnitInfo [
	name: default
	...]------
HHH000412: Hibernate Core {5.3.12.Final}------
HHH000206: hibernate.properties not found------
HCANN000001: Hibernate Commons Annotations {5.0.4.Final}------
HHH000400: Using dialect: org.hibernate.dialect.MySQL5Dialect------
Initialized JPA EntityManagerFactory for persistence unit 'default'------
Initializing ExecutorService 'applicationTaskExecutor'------
spring.jpa.open-in-view is enabled by default. Therefore, database queries may be performed during view rendering. Explicitly configure spring.jpa.open-in-view to disable this warning------
Started OrderServiceImplTest in 9.088 seconds (JVM running for 9.845)------
HHH000397: Using ASTQueryTranslatorFactory------
Shutting down ExecutorService 'applicationTaskExecutor'------
Closing JPA EntityManagerFactory for persistence unit 'default'------
HikariPool-1 - Shutdown initiated...------
HikariPool-1 - Shutdown completed.------
Starting OrderServiceImplTest on LAPTOP-AVJFS9J6 with PID 22664 (started by lenovo in F:\ideaworkspace\sell)------
No active profile set, falling back to default profiles: default------
Bootstrapping Spring Data repositories in DEFAULT mode.------
Finished Spring Data repository scanning in 146ms. Found 4 repository interfaces.------
Bean 'org.springframework.transaction.annotation.ProxyTransactionManagementConfiguration' of type [org.springframework.transaction.annotation.ProxyTransactionManagementConfiguration$$EnhancerBySpringCGLIB$$b73bfcce] is not eligible for getting processed by all BeanPostProcessors (for example: not eligible for auto-proxying)------
HikariPool-1 - Starting...------
Registered driver with driverClassName=com.mysql.jdbc.Driver was not found, trying direct instantiation.------
HikariPool-1 - Start completed.------
HHH000204: Processing PersistenceUnitInfo [
	name: default
	...]------
HHH000412: Hibernate Core {5.3.12.Final}------
HHH000206: hibernate.properties not found------
HCANN000001: Hibernate Commons Annotations {5.0.4.Final}------
HHH000400: Using dialect: org.hibernate.dialect.MySQL5Dialect------
Initialized JPA EntityManagerFactory for persistence unit 'default'------
Initializing ExecutorService 'applicationTaskExecutor'------
spring.jpa.open-in-view is enabled by default. Therefore, database queries may be performed during view rendering. Explicitly configure spring.jpa.open-in-view to disable this warning------
Started OrderServiceImplTest in 13.248 seconds (JVM running for 15.35)------
HHH000397: Using ASTQueryTranslatorFactory------
Shutting down ExecutorService 'applicationTaskExecutor'------
Closing JPA EntityManagerFactory for persistence unit 'default'------
HikariPool-1 - Shutdown initiated...------
HikariPool-1 - Shutdown completed.------
Starting OrderServiceImplTest on LAPTOP-AVJFS9J6 with PID 14684 (started by lenovo in F:\ideaworkspace\sell)------
No active profile set, falling back to default profiles: default------
Bootstrapping Spring Data repositories in DEFAULT mode.------
Finished Spring Data repository scanning in 79ms. Found 4 repository interfaces.------
Bean 'org.springframework.transaction.annotation.ProxyTransactionManagementConfiguration' of type [org.springframework.transaction.annotation.ProxyTransactionManagementConfiguration$$EnhancerBySpringCGLIB$$aa49b5da] is not eligible for getting processed by all BeanPostProcessors (for example: not eligible for auto-proxying)------
HikariPool-1 - Starting...------
Registered driver with driverClassName=com.mysql.jdbc.Driver was not found, trying direct instantiation.------
HikariPool-1 - Start completed.------
HHH000204: Processing PersistenceUnitInfo [
	name: default
	...]------
HHH000412: Hibernate Core {5.3.12.Final}------
HHH000206: hibernate.properties not found------
HCANN000001: Hibernate Commons Annotations {5.0.4.Final}------
HHH000400: Using dialect: org.hibernate.dialect.MySQL5Dialect------
Initialized JPA EntityManagerFactory for persistence unit 'default'------
Initializing ExecutorService 'applicationTaskExecutor'------
spring.jpa.open-in-view is enabled by default. Therefore, database queries may be performed during view rendering. Explicitly configure spring.jpa.open-in-view to disable this warning------
Started OrderServiceImplTest in 9.548 seconds (JVM running for 10.331)------
HHH000397: Using ASTQueryTranslatorFactory------
Shutting down ExecutorService 'applicationTaskExecutor'------
Closing JPA EntityManagerFactory for persistence unit 'default'------
HikariPool-1 - Shutdown initiated...------
HikariPool-1 - Shutdown completed.------
Starting OrderServiceImplTest on LAPTOP-AVJFS9J6 with PID 10916 (started by lenovo in F:\ideaworkspace\sell)------
No active profile set, falling back to default profiles: default------
Bootstrapping Spring Data repositories in DEFAULT mode.------
Finished Spring Data repository scanning in 126ms. Found 4 repository interfaces.------
Bean 'org.springframework.transaction.annotation.ProxyTransactionManagementConfiguration' of type [org.springframework.transaction.annotation.ProxyTransactionManagementConfiguration$$EnhancerBySpringCGLIB$$f67972b6] is not eligible for getting processed by all BeanPostProcessors (for example: not eligible for auto-proxying)------
HikariPool-1 - Starting...------
Registered driver with driverClassName=com.mysql.jdbc.Driver was not found, trying direct instantiation.------
HikariPool-1 - Start completed.------
HHH000204: Processing PersistenceUnitInfo [
	name: default
	...]------
HHH000412: Hibernate Core {5.3.12.Final}------
HHH000206: hibernate.properties not found------
HCANN000001: Hibernate Commons Annotations {5.0.4.Final}------
HHH000400: Using dialect: org.hibernate.dialect.MySQL5Dialect------
Initialized JPA EntityManagerFactory for persistence unit 'default'------
Initializing ExecutorService 'applicationTaskExecutor'------
spring.jpa.open-in-view is enabled by default. Therefore, database queries may be performed during view rendering. Explicitly configure spring.jpa.open-in-view to disable this warning------
Started OrderServiceImplTest in 8.834 seconds (JVM running for 10.308)------
HHH000397: Using ASTQueryTranslatorFactory------
Shutting down ExecutorService 'applicationTaskExecutor'------
Closing JPA EntityManagerFactory for persistence unit 'default'------
HikariPool-1 - Shutdown initiated...------
HikariPool-1 - Shutdown completed.------
Starting OrderServiceImplTest on LAPTOP-AVJFS9J6 with PID 21576 (started by lenovo in F:\ideaworkspace\sell)------
No active profile set, falling back to default profiles: default------
Bootstrapping Spring Data repositories in DEFAULT mode.------
Finished Spring Data repository scanning in 124ms. Found 4 repository interfaces.------
Bean 'org.springframework.transaction.annotation.ProxyTransactionManagementConfiguration' of type [org.springframework.transaction.annotation.ProxyTransactionManagementConfiguration$$EnhancerBySpringCGLIB$$56c20048] is not eligible for getting processed by all BeanPostProcessors (for example: not eligible for auto-proxying)------
HikariPool-1 - Starting...------
Registered driver with driverClassName=com.mysql.jdbc.Driver was not found, trying direct instantiation.------
HikariPool-1 - Start completed.------
HHH000204: Processing PersistenceUnitInfo [
	name: default
	...]------
HHH000412: Hibernate Core {5.3.12.Final}------
HHH000206: hibernate.properties not found------
HCANN000001: Hibernate Commons Annotations {5.0.4.Final}------
HHH000400: Using dialect: org.hibernate.dialect.MySQL5Dialect------
Initialized JPA EntityManagerFactory for persistence unit 'default'------
Initializing ExecutorService 'applicationTaskExecutor'------
spring.jpa.open-in-view is enabled by default. Therefore, database queries may be performed during view rendering. Explicitly configure spring.jpa.open-in-view to disable this warning------
Started OrderServiceImplTest in 10.069 seconds (JVM running for 11.359)------
HHH000397: Using ASTQueryTranslatorFactory------
HikariPool-1 - Thread starvation or clock leap detected (housekeeper delta=16m33s39ms701µs724ns).------
Shutting down ExecutorService 'applicationTaskExecutor'------
Closing JPA EntityManagerFactory for persistence unit 'default'------
HikariPool-1 - Shutdown initiated...------
HikariPool-1 - Shutdown completed.------
