Starting OrderServiceImplTest on LAPTOP-AVJFS9J6 with PID 20668 (started by lenovo in F:\ideaworkspace\sell)------
No active profile set, falling back to default profiles: default------
Bootstrapping Spring Data repositories in DEFAULT mode.------
Finished Spring Data repository scanning in 167ms. Found 4 repository interfaces.------
Bean 'org.springframework.transaction.annotation.ProxyTransactionManagementConfiguration' of type [org.springframework.transaction.annotation.ProxyTransactionManagementConfiguration$$EnhancerBySpringCGLIB$$10fc2bbd] is not eligible for getting processed by all BeanPostProcessors (for example: not eligible for auto-proxying)------
HikariPool-1 - Starting...------
Registered driver with driverClassName=com.mysql.jdbc.Driver was not found, trying direct instantiation.------
HikariPool-1 - Start completed.------
HHH000204: Processing PersistenceUnitInfo [
	name: default
	...]------
HHH000412: Hibernate Core {5.3.12.Final}------
HHH000206: hibernate.properties not found------
HCANN000001: Hibernate Commons Annotations {5.0.4.Final}------
HHH000400: Using dialect: org.hibernate.dialect.MySQL5Dialect------
Initialized JPA EntityManagerFactory for persistence unit 'default'------
Initializing ExecutorService 'applicationTaskExecutor'------
spring.jpa.open-in-view is enabled by default. Therefore, database queries may be performed during view rendering. Explicitly configure spring.jpa.open-in-view to disable this warning------
Started OrderServiceImplTest in 17.121 seconds (JVM running for 20.867)------
HHH000397: Using ASTQueryTranslatorFactory------
Shutting down ExecutorService 'applicationTaskExecutor'------
Closing JPA EntityManagerFactory for persistence unit 'default'------
HikariPool-1 - Shutdown initiated...------
HikariPool-1 - Shutdown completed.------
Starting OrderServiceImplTest on LAPTOP-AVJFS9J6 with PID 19916 (started by lenovo in F:\ideaworkspace\sell)------
No active profile set, falling back to default profiles: default------
Bootstrapping Spring Data repositories in DEFAULT mode.------
Finished Spring Data repository scanning in 247ms. Found 4 repository interfaces.------
Bean 'org.springframework.transaction.annotation.ProxyTransactionManagementConfiguration' of type [org.springframework.transaction.annotation.ProxyTransactionManagementConfiguration$$EnhancerBySpringCGLIB$$7fa47cf7] is not eligible for getting processed by all BeanPostProcessors (for example: not eligible for auto-proxying)------
HikariPool-1 - Starting...------
Registered driver with driverClassName=com.mysql.jdbc.Driver was not found, trying direct instantiation.------
HikariPool-1 - Start completed.------
HHH000204: Processing PersistenceUnitInfo [
	name: default
	...]------
HHH000412: Hibernate Core {5.3.12.Final}------
HHH000206: hibernate.properties not found------
HCANN000001: Hibernate Commons Annotations {5.0.4.Final}------
HHH000400: Using dialect: org.hibernate.dialect.MySQL5Dialect------
Initialized JPA EntityManagerFactory for persistence unit 'default'------
Initializing ExecutorService 'applicationTaskExecutor'------
spring.jpa.open-in-view is enabled by default. Therefore, database queries may be performed during view rendering. Explicitly configure spring.jpa.open-in-view to disable this warning------
Started OrderServiceImplTest in 16.773 seconds (JVM running for 18.03)------
HHH000397: Using ASTQueryTranslatorFactory------
Shutting down ExecutorService 'applicationTaskExecutor'------
Closing JPA EntityManagerFactory for persistence unit 'default'------
HikariPool-1 - Shutdown initiated...------
HikariPool-1 - Shutdown completed.------
Starting OrderServiceImplTest on LAPTOP-AVJFS9J6 with PID 7092 (started by lenovo in F:\ideaworkspace\sell)------
No active profile set, falling back to default profiles: default------
Bootstrapping Spring Data repositories in DEFAULT mode.------
Finished Spring Data repository scanning in 123ms. Found 4 repository interfaces.------
Bean 'org.springframework.transaction.annotation.ProxyTransactionManagementConfiguration' of type [org.springframework.transaction.annotation.ProxyTransactionManagementConfiguration$$EnhancerBySpringCGLIB$$10fc2bbd] is not eligible for getting processed by all BeanPostProcessors (for example: not eligible for auto-proxying)------
HikariPool-1 - Starting...------
Registered driver with driverClassName=com.mysql.jdbc.Driver was not found, trying direct instantiation.------
HikariPool-1 - Start completed.------
HHH000204: Processing PersistenceUnitInfo [
	name: default
	...]------
HHH000412: Hibernate Core {5.3.12.Final}------
HHH000206: hibernate.properties not found------
HCANN000001: Hibernate Commons Annotations {5.0.4.Final}------
HHH000400: Using dialect: org.hibernate.dialect.MySQL5Dialect------
Initialized JPA EntityManagerFactory for persistence unit 'default'------
Initializing ExecutorService 'applicationTaskExecutor'------
spring.jpa.open-in-view is enabled by default. Therefore, database queries may be performed during view rendering. Explicitly configure spring.jpa.open-in-view to disable this warning------
Started OrderServiceImplTest in 11.919 seconds (JVM running for 13.099)------
HHH000397: Using ASTQueryTranslatorFactory------
Shutting down ExecutorService 'applicationTaskExecutor'------
Closing JPA EntityManagerFactory for persistence unit 'default'------
HikariPool-1 - Shutdown initiated...------
HikariPool-1 - Shutdown completed.------
Starting OrderServiceImplTest on LAPTOP-AVJFS9J6 with PID 10284 (started by lenovo in F:\ideaworkspace\sell)------
No active profile set, falling back to default profiles: default------
Bootstrapping Spring Data repositories in DEFAULT mode.------
Finished Spring Data repository scanning in 135ms. Found 4 repository interfaces.------
Bean 'org.springframework.transaction.annotation.ProxyTransactionManagementConfiguration' of type [org.springframework.transaction.annotation.ProxyTransactionManagementConfiguration$$EnhancerBySpringCGLIB$$10fc2bbd] is not eligible for getting processed by all BeanPostProcessors (for example: not eligible for auto-proxying)------
HikariPool-1 - Starting...------
Registered driver with driverClassName=com.mysql.jdbc.Driver was not found, trying direct instantiation.------
HikariPool-1 - Start completed.------
HHH000204: Processing PersistenceUnitInfo [
	name: default
	...]------
HHH000412: Hibernate Core {5.3.12.Final}------
HHH000206: hibernate.properties not found------
HCANN000001: Hibernate Commons Annotations {5.0.4.Final}------
HHH000400: Using dialect: org.hibernate.dialect.MySQL5Dialect------
Initialized JPA EntityManagerFactory for persistence unit 'default'------
Initializing ExecutorService 'applicationTaskExecutor'------
spring.jpa.open-in-view is enabled by default. Therefore, database queries may be performed during view rendering. Explicitly configure spring.jpa.open-in-view to disable this warning------
Started OrderServiceImplTest in 10.188 seconds (JVM running for 11.483)------
HHH000397: Using ASTQueryTranslatorFactory------
Shutting down ExecutorService 'applicationTaskExecutor'------
Closing JPA EntityManagerFactory for persistence unit 'default'------
HikariPool-1 - Shutdown initiated...------
HikariPool-1 - Shutdown completed.------
