2019-10-10 17:47:41.590  INFO 17540 --- [main] com.zd.sell.LoggerTest                   : Starting LoggerTest on LAPTOP-AVJFS9J6 with PID 17540 (started by lenovo in F:\ideaworkspace\sell)
2019-10-10 17:47:41.592  INFO 17540 --- [main] com.zd.sell.LoggerTest                   : No active profile set, falling back to default profiles: default
2019-10-10 17:47:42.481  INFO 17540 --- [main] .s.d.r.c.RepositoryConfigurationDelegate : Bootstrapping Spring Data repositories in DEFAULT mode.
2019-10-10 17:47:42.505  INFO 17540 --- [main] .s.d.r.c.RepositoryConfigurationDelegate : Finished Spring Data repository scanning in 15ms. Found 0 repository interfaces.
2019-10-10 17:47:45.258  INFO 17540 --- [main] trationDelegate$BeanPostProcessorChecker : Bean 'org.springframework.transaction.annotation.ProxyTransactionManagementConfiguration' of type [org.springframework.transaction.annotation.ProxyTransactionManagementConfiguration$$EnhancerBySpringCGLIB$$7dd3ea35] is not eligible for getting processed by all BeanPostProcessors (for example: not eligible for auto-proxying)
2019-10-10 17:47:51.180  INFO 17540 --- [main] com.zaxxer.hikari.HikariDataSource       : HikariPool-1 - Starting...
2019-10-10 17:47:51.649  WARN 17540 --- [main] com.zaxxer.hikari.util.DriverDataSource  : Registered driver with driverClassName=com.mysql.jdbc.Driver was not found, trying direct instantiation.
2019-10-10 17:47:55.612  INFO 17540 --- [main] com.zaxxer.hikari.HikariDataSource       : HikariPool-1 - Start completed.
2019-10-10 17:47:59.314  INFO 17540 --- [main] o.hibernate.jpa.internal.util.LogHelper  : HHH000204: Processing PersistenceUnitInfo [
	name: default
	...]
2019-10-10 17:48:07.777  INFO 17540 --- [main] org.hibernate.Version                    : HHH000412: Hibernate Core {5.3.12.Final}
2019-10-10 17:48:07.795  INFO 17540 --- [main] org.hibernate.cfg.Environment            : HHH000206: hibernate.properties not found
2019-10-10 17:48:16.739  INFO 17540 --- [main] o.hibernate.annotations.common.Version   : HCANN000001: Hibernate Commons Annotations {5.0.4.Final}
2019-10-10 17:48:17.463  INFO 17540 --- [main] org.hibernate.dialect.Dialect            : HHH000400: Using dialect: org.hibernate.dialect.MySQL5Dialect
2019-10-10 17:48:17.836  INFO 17540 --- [main] j.LocalContainerEntityManagerFactoryBean : Initialized JPA EntityManagerFactory for persistence unit 'default'
2019-10-10 17:48:18.995  INFO 17540 --- [main] o.s.s.concurrent.ThreadPoolTaskExecutor  : Initializing ExecutorService 'applicationTaskExecutor'
2019-10-10 17:48:19.044  WARN 17540 --- [main] aWebConfiguration$JpaWebMvcConfiguration : spring.jpa.open-in-view is enabled by default. Therefore, database queries may be performed during view rendering. Explicitly configure spring.jpa.open-in-view to disable this warning
2019-10-10 17:48:19.417  INFO 17540 --- [main] com.zd.sell.LoggerTest                   : Started LoggerTest in 38.369 seconds (JVM running for 39.224)
2019-10-10 17:48:20.109  INFO 17540 --- [main] com.zd.sell.LoggerTest                   : info...
2019-10-10 17:48:20.109 ERROR 17540 --- [main] com.zd.sell.LoggerTest                   : error...
2019-10-10 17:48:20.148  INFO 17540 --- [Thread-1] o.s.s.concurrent.ThreadPoolTaskExecutor  : Shutting down ExecutorService 'applicationTaskExecutor'
2019-10-10 17:48:20.149  INFO 17540 --- [Thread-1] j.LocalContainerEntityManagerFactoryBean : Closing JPA EntityManagerFactory for persistence unit 'default'
2019-10-10 17:48:20.152  INFO 17540 --- [Thread-1] com.zaxxer.hikari.HikariDataSource       : HikariPool-1 - Shutdown initiated...
2019-10-10 17:48:20.233  INFO 17540 --- [Thread-1] com.zaxxer.hikari.HikariDataSource       : HikariPool-1 - Shutdown completed.
